[16:51:26][no_game_date][idea.cpp:707]: Idea: category defined in aota_balkan_powderkeg (deprecated)
[16:51:26][no_game_date][idea.cpp:707]: Idea: category defined in aota_spanish_neutral_brittleness (deprecated)
[16:51:27][no_game_date][trigger.cpp:568]: Error: "Unknown category: AOTA_cuban_secret_path: {, near line: 1" in file: "common/decisions/AOTA_CUB_decisions.txt" near line: 3
[16:51:27][no_game_date][persistent.cpp:66]: Error: "Unexpected token: CUB_meet_the_corporate_exiles, near line: 9" in file: "common/decisions/AOTA_CUB_decisions.txt" near line: 30
[16:51:27][no_game_date][gameitemdatabasehelper.h:149]: Error: "Unknown category for : icon It will be ignored: }, near line: 31" in file: "common/decisions/AOTA_CUB_decisions.txt" near line: 32
[16:51:27][no_game_date][trigger.cpp:568]: Error: "Unknown category: aota_britain_imperial_management: {, near line: 1" in file: "common/decisions/AOTA_ENG_overhaul_decisions.txt" near line: 3
[16:51:27][no_game_date][persistent.cpp:66]: Error: "Unexpected token: ENG_hold_commonwealth_conference, near line: 5" in file: "common/decisions/AOTA_ENG_overhaul_decisions.txt" near line: 12
[16:51:27][no_game_date][persistent.cpp:66]: Error: "Unexpected token: ENG_issue_white_paper, near line: 13" in file: "common/decisions/AOTA_ENG_overhaul_decisions.txt" near line: 20
[16:51:27][no_game_date][persistent.cpp:66]: Error: "Unexpected token: ENG_raise_territorials, near line: 21" in file: "common/decisions/AOTA_ENG_overhaul_decisions.txt" near line: 28
[16:51:27][no_game_date][gameitemdatabasehelper.h:149]: Error: "Unknown category for : icon It will be ignored: }, near line: 29" in file: "common/decisions/AOTA_ENG_overhaul_decisions.txt" near line: 30
[16:51:27][no_game_date][trigger.cpp:568]: Error: "Unknown category: AOTA_russian_reunification_category: {, near line: 1" in file: "common/decisions/AOTA_RUS_decisions.txt" near line: 3
[16:51:27][no_game_date][persistent.cpp:66]: Error: "Unexpected token: SOV_call_the_regional_congress, near line: 5" in file: "common/decisions/AOTA_RUS_decisions.txt" near line: 12
[16:51:27][no_game_date][persistent.cpp:66]: Error: "Unexpected token: SOV_negotiate_with_cossack_hosts, near line: 13" in file: "common/decisions/AOTA_RUS_decisions.txt" near line: 20
[16:51:27][no_game_date][persistent.cpp:66]: Error: "Unexpected token: SOV_requisition_frontier_stores, near line: 21" in file: "common/decisions/AOTA_RUS_decisions.txt" near line: 28
[16:51:27][no_game_date][persistent.cpp:66]: Error: "Unexpected token: SOV_issue_reunification_manifesto, near line: 29" in file: "common/decisions/AOTA_RUS_decisions.txt" near line: 36
[16:51:27][no_game_date][persistent.cpp:66]: Error: "Unknown category for : icon It will be ignored: }, near line: 37" in file: "common/decisions/AOTA_RUS_decisions.txt" near line: 40
[16:51:27][no_game_date][persistent.cpp:66]: Error: "Unexpected token: SOV_settle_the_red_black_schism, near line: 43" in file: "common/decisions/AOTA_RUS_decisions.txt" near line: 50
[16:51:27][no_game_date][persistent.cpp:66]: Error: "Unknown category for : AOTA_red_black_rivalry_category It will be ignored: }, near line: 51" in file: "common/decisions/AOTA_RUS_decisions.txt" near line: 54
[16:51:27][no_game_date][persistent.cpp:66]: Error: "Unexpected token: SOV_back_the_borderland_partisans, near line: 57" in file: "common/decisions/AOTA_RUS_decisions.txt" near line: 64
[16:51:27][no_game_date][gameitemdatabasehelper.h:149]: Error: "Unknown category for : AOTA_borderlands_category It will be ignored: }, near line: 65" in file: "common/decisions/AOTA_RUS_decisions.txt" near line: 66
[16:51:27][no_game_date][trigger.cpp:568]: Error: "Unknown category: AOTA_ottoman_management: {, near line: 1" in file: "common/decisions/AOTA_TUR_decisions.txt" near line: 3
[16:51:27][no_game_date][persistent.cpp:66]: Error: "Unexpected token: TUR_convene_the_provincial_notables, near line: 5" in file: "common/decisions/AOTA_TUR_decisions.txt" near line: 10
[16:51:27][no_game_date][persistent.cpp:66]: Error: "Unexpected token: TUR_rotate_the_gendarmerie, near line: 11" in file: "common/decisions/AOTA_TUR_decisions.txt" near line: 16
[16:51:27][no_game_date][persistent.cpp:66]: Error: "Unexpected token: TUR_call_the_court_physicians, near line: 17" in file: "common/decisions/AOTA_TUR_decisions.txt" near line: 21
[16:51:27][no_game_date][persistent.cpp:66]: Error: "Unknown category for : icon It will be ignored: }, near line: 22" in file: "common/decisions/AOTA_TUR_decisions.txt" near line: 25
[16:51:27][no_game_date][persistent.cpp:66]: Error: "Unexpected token: TUR_iron_crescent_expand_the_special_tribunals, near line: 28" in file: "common/decisions/AOTA_TUR_decisions.txt" near line: 32
[16:51:27][no_game_date][persistent.cpp:66]: Error: "Unexpected token: TUR_iron_crescent_raise_legionary_columns, near line: 33" in file: "common/decisions/AOTA_TUR_decisions.txt" near line: 37
[16:51:27][no_game_date][persistent.cpp:66]: Error: "Unexpected token: TUR_iron_crescent_forced_industrial_quotas, near line: 38" in file: "common/decisions/AOTA_TUR_decisions.txt" near line: 42
[16:51:27][no_game_date][persistent.cpp:66]: Error: "Unexpected token: TUR_iron_crescent_frontier_incidents, near line: 43" in file: "common/decisions/AOTA_TUR_decisions.txt" near line: 47
[16:51:27][no_game_date][gameitemdatabasehelper.h:149]: Error: "Unknown category for : AOTA_iron_crescent_directorate It will be ignored: }, near line: 48" in file: "common/decisions/AOTA_TUR_decisions.txt" near line: 49
[16:51:27][no_game_date][trigger.cpp:568]: Error: "Unknown category: AOTA_china_japan_ladder_category: {, near line: 1" in file: "common/decisions/AOTA_china_japan_interaction_decisions.txt" near line: 7
[16:51:27][no_game_date][persistent.cpp:66]: Error: "Unexpected token: AOTA_china_form_emergency_defense_council, near line: 16" in file: "common/decisions/AOTA_china_japan_interaction_decisions.txt" near line: 39
[16:51:27][no_game_date][persistent.cpp:66]: Error: "Unexpected token: AOTA_china_authorize_local_accommodation, near line: 41" in file: "common/decisions/AOTA_china_japan_interaction_decisions.txt" near line: 64
[16:51:27][no_game_date][persistent.cpp:66]: Error: "Unexpected token: AOTA_china_purge_collaboration_brokers, near line: 66" in file: "common/decisions/AOTA_china_japan_interaction_decisions.txt" near line: 87
[16:51:27][no_game_date][persistent.cpp:66]: Error: "Unexpected token: AOTA_japan_issue_incremental_demands, near line: 89" in file: "common/decisions/AOTA_china_japan_interaction_decisions.txt" near line: 126
[16:51:27][no_game_date][persistent.cpp:66]: Error: "Unexpected token: AOTA_japan_offer_compartmentalized_settlements, near line: 128" in file: "common/decisions/AOTA_china_japan_interaction_decisions.txt" near line: 154
[16:51:27][no_game_date][persistent.cpp:66]: Error: "Unexpected token: AOTA_japan_sponsor_regional_security_committees, near line: 156" in file: "common/decisions/AOTA_china_japan_interaction_decisions.txt" near line: 184
[16:51:27][no_game_date][gameitemdatabasehelper.h:149]: Error: "Unknown category for : icon It will be ignored: }, near line: 185" in file: "common/decisions/AOTA_china_japan_interaction_decisions.txt" near line: 187
[16:51:27][no_game_date][trigger.cpp:568]: Error: "Unknown category: AOTA_china_fragmentation_category: {, near line: 1" in file: "common/decisions/AOTA_china_rework_decisions.txt" near line: 3
[16:51:27][no_game_date][persistent.cpp:66]: Error: "Unexpected token: AOTA_china_convene_provincial_brokers, near line: 6" in file: "common/decisions/AOTA_china_rework_decisions.txt" near line: 12
[16:51:27][no_game_date][persistent.cpp:66]: Error: "Unexpected token: AOTA_china_anti_bandit_campaigns, near line: 14" in file: "common/decisions/AOTA_china_rework_decisions.txt" near line: 20
[16:51:27][no_game_date][persistent.cpp:66]: Error: "Unexpected token: AOTA_china_requisition_regional_stockpiles, near line: 22" in file: "common/decisions/AOTA_china_rework_decisions.txt" near line: 28
[16:51:27][no_game_date][persistent.cpp:66]: Error: "Unknown category for : icon It will be ignored: }, near line: 29" in file: "common/decisions/AOTA_china_rework_decisions.txt" near line: 32
[16:51:27][no_game_date][persistent.cpp:66]: Error: "Unexpected token: AOTA_china_file_protest_note, near line: 36" in file: "common/decisions/AOTA_china_rework_decisions.txt" near line: 46
[16:51:27][no_game_date][persistent.cpp:66]: Error: "Unexpected token: AOTA_japan_expand_china_networks, near line: 48" in file: "common/decisions/AOTA_china_rework_decisions.txt" near line: 59
[16:51:27][no_game_date][persistent.cpp:66]: Error: "Unknown category for : AOTA_china_japan_pressure_category It will be ignored: }, near line: 60" in file: "common/decisions/AOTA_china_rework_decisions.txt" near line: 63
[16:51:27][no_game_date][persistent.cpp:66]: Error: "Unexpected token: AOTA_warlord_host_provincial_assembly, near line: 67" in file: "common/decisions/AOTA_china_rework_decisions.txt" near line: 73
[16:51:27][no_game_date][persistent.cpp:66]: Error: "Unexpected token: AOTA_warlord_conduct_patronage_reshuffle, near line: 75" in file: "common/decisions/AOTA_china_rework_decisions.txt" near line: 81
[16:51:27][no_game_date][persistent.cpp:66]: Error: "Unexpected token: AOTA_warlord_grain_transport_emergency, near line: 83" in file: "common/decisions/AOTA_china_rework_decisions.txt" near line: 89
[16:51:27][no_game_date][persistent.cpp:66]: Error: "Unexpected token: AOTA_warlord_border_incident_commission, near line: 91" in file: "common/decisions/AOTA_china_rework_decisions.txt" near line: 97
[16:51:27][no_game_date][persistent.cpp:66]: Error: "Unexpected token: AOTA_warlord_unification_backchannel, near line: 99" in file: "common/decisions/AOTA_china_rework_decisions.txt" near line: 110
[16:51:27][no_game_date][gameitemdatabasehelper.h:149]: Error: "Unknown category for : AOTA_china_warlord_statecraft_category It will be ignored: }, near line: 111" in file: "common/decisions/AOTA_china_rework_decisions.txt" near line: 112
[16:51:27][no_game_date][trigger.cpp:568]: Error: "Unknown category: AOTA_china_unification_category: {, near line: 1" in file: "common/decisions/AOTA_china_unification_decisions.txt" near line: 3
[16:51:27][no_game_date][persistent.cpp:66]: Error: "Unexpected token: AOTA_china_initialize_legitimacy_framework, near line: 5" in file: "common/decisions/AOTA_china_unification_decisions.txt" near line: 20
[16:51:27][no_game_date][persistent.cpp:66]: Error: "Unexpected token: AOTA_china_convene_national_congress, near line: 22" in file: "common/decisions/AOTA_china_unification_decisions.txt" near line: 51
[16:51:27][no_game_date][persistent.cpp:66]: Error: "Unexpected token: AOTA_china_negotiate_regional_submission, near line: 53" in file: "common/decisions/AOTA_china_unification_decisions.txt" near line: 84
[16:51:27][no_game_date][persistent.cpp:66]: Error: "Unexpected token: AOTA_china_demand_submission_by_force, near line: 86" in file: "common/decisions/AOTA_china_unification_decisions.txt" near line: 118
[16:51:27][no_game_date][persistent.cpp:66]: Error: "Unexpected token: AOTA_china_proclaim_national_reunification, near line: 120" in file: "common/decisions/AOTA_china_unification_decisions.txt" near line: 141
[16:51:27][no_game_date][persistent.cpp:66]: Error: "Unexpected token: AOTA_china_launch_reconstruction_compacts, near line: 143" in file: "common/decisions/AOTA_china_unification_decisions.txt" near line: 160
[16:51:27][no_game_date][persistent.cpp:66]: Error: "Unknown category for : icon It will be ignored: }, near line: 161" in file: "common/decisions/AOTA_china_unification_decisions.txt" near line: 164
[16:51:27][no_game_date][persistent.cpp:66]: Error: "Unexpected token: AOTA_japan_support_fragmentation_networks, near line: 168" in file: "common/decisions/AOTA_china_unification_decisions.txt" near line: 197
[16:51:27][no_game_date][persistent.cpp:66]: Error: "Unexpected token: AOTA_japan_offer_recognition_to_collaborationists, near line: 199" in file: "common/decisions/AOTA_china_unification_decisions.txt" near line: 231
[16:51:27][no_game_date][persistent.cpp:66]: Error: "Unexpected token: AOTA_japan_prepare_for_reunified_china, near line: 233" in file: "common/decisions/AOTA_china_unification_decisions.txt" near line: 255
[16:51:27][no_game_date][gameitemdatabasehelper.h:149]: Error: "Unknown category for : AOTA_japan_china_unification_response_category It will be ignored: }, near line: 256" in file: "common/decisions/AOTA_china_unification_decisions.txt" near line: 257
[16:51:27][no_game_date][trigger.cpp:568]: Error: "Unknown category: AOTA_country_presence_statecraft_category: {, near line: 1" in file: "common/decisions/AOTA_country_presence_resolution_decisions.txt" near line: 3
[16:51:27][no_game_date][persistent.cpp:66]: Error: "Unexpected token: AOTA_presence_regional_compact, near line: 5" in file: "common/decisions/AOTA_country_presence_resolution_decisions.txt" near line: 15
[16:51:27][no_game_date][persistent.cpp:66]: Error: "Unexpected token: AOTA_presence_internal_security_reform, near line: 17" in file: "common/decisions/AOTA_country_presence_resolution_decisions.txt" near line: 26
[16:51:27][no_game_date][persistent.cpp:66]: Error: "Unexpected token: AOTA_presence_limited_rearmament, near line: 28" in file: "common/decisions/AOTA_country_presence_resolution_decisions.txt" near line: 37
[16:51:27][no_game_date][persistent.cpp:66]: Error: "Unknown category for : icon It will be ignored: }, near line: 38" in file: "common/decisions/AOTA_country_presence_resolution_decisions.txt" near line: 41
[16:51:27][no_game_date][persistent.cpp:66]: Error: "Unexpected token: AOTA_presence_reaffirm_neutrality, near line: 44" in file: "common/decisions/AOTA_country_presence_resolution_decisions.txt" near line: 52
[16:51:27][no_game_date][persistent.cpp:66]: Error: "Unexpected token: AOTA_presence_border_patrol_protocols, near line: 54" in file: "common/decisions/AOTA_country_presence_resolution_decisions.txt" near line: 63
[16:51:27][no_game_date][gameitemdatabasehelper.h:149]: Error: "Unknown category for : AOTA_country_presence_background_category It will be ignored: }, near line: 64" in file: "common/decisions/AOTA_country_presence_resolution_decisions.txt" near line: 65
[16:51:27][no_game_date][trigger.cpp:568]: Error: "Unknown category: AOTA_german_crisis_category: {, near line: 1" in file: "common/decisions/AOTA_crises.txt" near line: 3
[16:51:27][no_game_date][persistent.cpp:66]: Error: "Unexpected token: AOTA_balance_the_reichstag, near line: 5" in file: "common/decisions/AOTA_crises.txt" near line: 13
[16:51:27][no_game_date][persistent.cpp:66]: Error: "Unexpected token: AOTA_fund_veteran_leagues, near line: 14" in file: "common/decisions/AOTA_crises.txt" near line: 22
[16:51:27][no_game_date][persistent.cpp:66]: Error: "Unknown category for : icon It will be ignored: }, near line: 23" in file: "common/decisions/AOTA_crises.txt" near line: 25
[16:51:27][no_game_date][persistent.cpp:66]: Error: "Unexpected token: AOTA_repair_the_republic, near line: 28" in file: "common/decisions/AOTA_crises.txt" near line: 33
[16:51:27][no_game_date][persistent.cpp:66]: Error: "Unexpected token: AOTA_rally_the_border_garrisons, near line: 34" in file: "common/decisions/AOTA_crises.txt" near line: 39
[16:51:27][no_game_date][persistent.cpp:66]: Error: "Unknown category for : AOTA_french_crisis_category It will be ignored: }, near line: 40" in file: "common/decisions/AOTA_crises.txt" near line: 42
[16:51:27][no_game_date][persistent.cpp:66]: Error: "Unexpected token: AOTA_convene_the_crownlands, near line: 45" in file: "common/decisions/AOTA_crises.txt" near line: 50
[16:51:27][no_game_date][persistent.cpp:66]: Error: "Unexpected token: AOTA_rule_by_decree, near line: 51" in file: "common/decisions/AOTA_crises.txt" near line: 56
[16:51:27][no_game_date][gameitemdatabasehelper.h:149]: Error: "Unknown category for : AOTA_danubian_crisis_category It will be ignored: }, near line: 57" in file: "common/decisions/AOTA_crises.txt" near line: 58
[16:51:27][no_game_date][trigger.cpp:568]: Error: "Unknown category: AOTA_faction_evolution_category: {, near line: 1" in file: "common/decisions/AOTA_faction_evolution_decisions.txt" near line: 9
[16:51:27][no_game_date][persistent.cpp:66]: Error: "Unexpected token: AOTA_invite_aus_to_continental_accord, near line: 12" in file: "common/decisions/AOTA_faction_evolution_decisions.txt" near line: 22
[16:51:27][no_game_date][persistent.cpp:66]: Error: "Unexpected token: AOTA_invite_hun_to_danubian_compact, near line: 24" in file: "common/decisions/AOTA_faction_evolution_decisions.txt" near line: 34
[16:51:27][no_game_date][persistent.cpp:66]: Error: "Unexpected token: AOTA_invite_rom_to_danubian_compact, near line: 36" in file: "common/decisions/AOTA_faction_evolution_decisions.txt" near line: 46
[16:51:27][no_game_date][persistent.cpp:66]: Error: "Unexpected token: AOTA_invite_bel_to_republican_security_pact, near line: 48" in file: "common/decisions/AOTA_faction_evolution_decisions.txt" near line: 58
[16:51:27][no_game_date][persistent.cpp:66]: Error: "Unexpected token: AOTA_invite_spr_to_republican_security_pact, near line: 60" in file: "common/decisions/AOTA_faction_evolution_decisions.txt" near line: 70
[16:51:27][no_game_date][persistent.cpp:66]: Error: "Unexpected token: AOTA_invite_irq_to_eastern_accord, near line: 72" in file: "common/decisions/AOTA_faction_evolution_decisions.txt" near line: 82
[16:51:27][no_game_date][persistent.cpp:66]: Error: "Unexpected token: AOTA_invite_egy_to_eastern_accord, near line: 84" in file: "common/decisions/AOTA_faction_evolution_decisions.txt" near line: 94
[16:51:27][no_game_date][gameitemdatabasehelper.h:149]: Error: "Unknown category for : icon It will be ignored: }, near line: 95" in file: "common/decisions/AOTA_faction_evolution_decisions.txt" near line: 96
[16:51:27][no_game_date][trigger.cpp:568]: Error: "Unknown category: AOTA_flagship_formables_category: {, near line: 1" in file: "common/decisions/AOTA_flagship_formables.txt" near line: 3
[16:51:27][no_game_date][persistent.cpp:66]: Error: "Unexpected token: GER_prepare_reichsordnung, near line: 6" in file: "common/decisions/AOTA_flagship_formables.txt" near line: 21
[16:51:27][no_game_date][persistent.cpp:66]: Error: "Unexpected token: GER_proclaim_reichsordnung, near line: 23" in file: "common/decisions/AOTA_flagship_formables.txt" near line: 33
[16:51:27][no_game_date][persistent.cpp:66]: Error: "Unexpected token: GER_prepare_european_compact, near line: 35" in file: "common/decisions/AOTA_flagship_formables.txt" near line: 50
[16:51:27][no_game_date][persistent.cpp:66]: Error: "Unexpected token: GER_charter_european_compact, near line: 52" in file: "common/decisions/AOTA_flagship_formables.txt" near line: 62
[16:51:27][no_game_date][persistent.cpp:66]: Error: "Unexpected token: FRA_prepare_continental_state, near line: 64" in file: "common/decisions/AOTA_flagship_formables.txt" near line: 77
[16:51:27][no_game_date][persistent.cpp:66]: Error: "Unexpected token: FRA_proclaim_etat_continental, near line: 79" in file: "common/decisions/AOTA_flagship_formables.txt" near line: 89
[16:51:27][no_game_date][persistent.cpp:66]: Error: "Unexpected token: FRA_prepare_republican_union, near line: 91" in file: "common/decisions/AOTA_flagship_formables.txt" near line: 104
[16:51:27][no_game_date][persistent.cpp:66]: Error: "Unexpected token: FRA_found_european_republican_union, near line: 106" in file: "common/decisions/AOTA_flagship_formables.txt" near line: 116
[16:51:27][no_game_date][persistent.cpp:66]: Error: "Unexpected token: ITA_prepare_imperium_interioris_maris, near line: 118" in file: "common/decisions/AOTA_flagship_formables.txt" near line: 130
[16:51:27][no_game_date][persistent.cpp:66]: Error: "Unexpected token: ITA_proclaim_imperium_interioris_maris, near line: 132" in file: "common/decisions/AOTA_flagship_formables.txt" near line: 142
[16:51:27][no_game_date][persistent.cpp:66]: Error: "Unexpected token: ITA_prepare_mediterranean_concordat, near line: 144" in file: "common/decisions/AOTA_flagship_formables.txt" near line: 156
[16:51:27][no_game_date][persistent.cpp:66]: Error: "Unexpected token: ITA_found_mediterranean_concordat, near line: 158" in file: "common/decisions/AOTA_flagship_formables.txt" near line: 168
[16:51:27][no_game_date][gameitemdatabasehelper.h:149]: Error: "Unknown category for : icon It will be ignored: }, near line: 169" in file: "common/decisions/AOTA_flagship_formables.txt" near line: 170
[16:51:27][no_game_date][trigger.cpp:568]: Error: "Unknown category: AOTA_revolutionary_rivalry_category: {, near line: 1" in file: "common/decisions/AOTA_systems.txt" near line: 3
[16:51:27][no_game_date][persistent.cpp:66]: Error: "Unexpected token: AOTA_back_the_communes, near line: 5" in file: "common/decisions/AOTA_systems.txt" near line: 16
[16:51:27][no_game_date][persistent.cpp:66]: Error: "Unexpected token: AOTA_back_the_party, near line: 18" in file: "common/decisions/AOTA_systems.txt" near line: 29
[16:51:27][no_game_date][gameitemdatabasehelper.h:149]: Error: "Unknown category for : icon It will be ignored: }, near line: 30" in file: "common/decisions/AOTA_systems.txt" near line: 31
[16:51:27][no_game_date][trigger.cpp:568]: Error: "Unknown category: aota_major_path_management: {, near line: 2" in file: "common/decisions/AOTA_v10_decisions.txt" near line: 4
[16:51:27][no_game_date][persistent.cpp:66]: Error: "Unexpected token: AOTA_GER_manage_rhine, near line: 5" in file: "common/decisions/AOTA_v10_decisions.txt" near line: 12
[16:51:27][no_game_date][persistent.cpp:66]: Error: "Unexpected token: AOTA_FRA_red_black_committees, near line: 13" in file: "common/decisions/AOTA_v10_decisions.txt" near line: 19
[16:51:27][no_game_date][persistent.cpp:66]: Error: "Unexpected token: AOTA_AUS_convene_the_crownlands, near line: 20" in file: "common/decisions/AOTA_v10_decisions.txt" near line: 26
[16:51:27][no_game_date][persistent.cpp:66]: Error: "Unexpected token: AOTA_USA_prepare_contingency_governors, near line: 27" in file: "common/decisions/AOTA_v10_decisions.txt" near line: 33
[16:51:27][no_game_date][persistent.cpp:66]: Error: "Unknown category for : icon It will be ignored: }, near line: 34" in file: "common/decisions/AOTA_v10_decisions.txt" near line: 36
[16:51:27][no_game_date][persistent.cpp:66]: Error: "Unexpected token: AOTA_GRE_megali_gamble, near line: 38" in file: "common/decisions/AOTA_v10_decisions.txt" near line: 43
[16:51:27][no_game_date][persistent.cpp:66]: Error: "Unexpected token: AOTA_LIT_last_bastion, near line: 44" in file: "common/decisions/AOTA_v10_decisions.txt" near line: 49
[16:51:27][no_game_date][persistent.cpp:66]: Error: "Unexpected token: AOTA_HUN_revisionist_cells, near line: 50" in file: "common/decisions/AOTA_v10_decisions.txt" near line: 55
[16:51:27][no_game_date][gameitemdatabasehelper.h:149]: Error: "Unknown category for : aota_minor_miracle_paths It will be ignored: }, near line: 56" in file: "common/decisions/AOTA_v10_decisions.txt" near line: 57
[16:51:27][no_game_date][trigger.cpp:568]: Error: "Unknown category: AOTA_super_crises_category: {, near line: 2" in file: "common/decisions/AOTA_v13_decisions.txt" near line: 4
[16:51:27][no_game_date][persistent.cpp:66]: Error: "Unexpected token: AOTA_trigger_rhine_crisis, near line: 5" in file: "common/decisions/AOTA_v13_decisions.txt" near line: 10
[16:51:27][no_game_date][persistent.cpp:66]: Error: "Unexpected token: AOTA_trigger_danubian_collapse, near line: 11" in file: "common/decisions/AOTA_v13_decisions.txt" near line: 16
[16:51:27][no_game_date][persistent.cpp:66]: Error: "Unexpected token: AOTA_trigger_russian_reunification, near line: 17" in file: "common/decisions/AOTA_v13_decisions.txt" near line: 22
[16:51:27][no_game_date][persistent.cpp:66]: Error: "Unexpected token: AOTA_trigger_ottoman_flames, near line: 23" in file: "common/decisions/AOTA_v13_decisions.txt" near line: 28
[16:51:27][no_game_date][persistent.cpp:66]: Error: "Unknown category for : icon It will be ignored: }, near line: 29" in file: "common/decisions/AOTA_v13_decisions.txt" near line: 32
[16:51:27][no_game_date][persistent.cpp:66]: Error: "Unexpected token: AOTA_form_the_continental_accord, near line: 35" in file: "common/decisions/AOTA_v13_decisions.txt" near line: 40
[16:51:27][no_game_date][persistent.cpp:66]: Error: "Unexpected token: AOTA_summon_the_sacred_congress, near line: 41" in file: "common/decisions/AOTA_v13_decisions.txt" near line: 46
[16:51:27][no_game_date][persistent.cpp:66]: Error: "Unknown category for : AOTA_branch_decisions_ger It will be ignored: }, near line: 47" in file: "common/decisions/AOTA_v13_decisions.txt" near line: 50
[16:51:27][no_game_date][persistent.cpp:66]: Error: "Unexpected token: AOTA_call_the_communal_synod, near line: 53" in file: "common/decisions/AOTA_v13_decisions.txt" near line: 58
[16:51:27][no_game_date][persistent.cpp:66]: Error: "Unexpected token: AOTA_raise_the_republican_security_pact, near line: 59" in file: "common/decisions/AOTA_v13_decisions.txt" near line: 64
[16:51:27][no_game_date][persistent.cpp:66]: Error: "Unknown category for : AOTA_branch_decisions_fra It will be ignored: }, near line: 65" in file: "common/decisions/AOTA_v13_decisions.txt" near line: 68
[16:51:27][no_game_date][persistent.cpp:66]: Error: "Unexpected token: AOTA_the_seven_banners_plan, near line: 71" in file: "common/decisions/AOTA_v13_decisions.txt" near line: 76
[16:51:27][no_game_date][persistent.cpp:66]: Error: "Unexpected token: AOTA_corporate_contingency_routing, near line: 77" in file: "common/decisions/AOTA_v13_decisions.txt" near line: 82
[16:51:27][no_game_date][persistent.cpp:66]: Error: "Unknown category for : AOTA_branch_decisions_usa It will be ignored: }, near line: 83" in file: "common/decisions/AOTA_v13_decisions.txt" near line: 86
[16:51:27][no_game_date][persistent.cpp:66]: Error: "Unexpected token: AOTA_proclaim_danubian_compact, near line: 89" in file: "common/decisions/AOTA_v13_decisions.txt" near line: 94
[16:51:27][no_game_date][persistent.cpp:66]: Error: "Unknown category for : AOTA_branch_decisions_aus It will be ignored: }, near line: 95" in file: "common/decisions/AOTA_v13_decisions.txt" near line: 98
[16:51:27][no_game_date][persistent.cpp:66]: Error: "Unexpected token: AOTA_british_recognition_mission, near line: 100" in file: "common/decisions/AOTA_v13_decisions.txt" near line: 105
[16:51:27][no_game_date][persistent.cpp:66]: Error: "Unexpected token: AOTA_german_credit_envoys, near line: 106" in file: "common/decisions/AOTA_v13_decisions.txt" near line: 111
[16:51:27][no_game_date][persistent.cpp:66]: Error: "Unexpected token: AOTA_french_militia_contacts, near line: 112" in file: "common/decisions/AOTA_v13_decisions.txt" near line: 117
[16:51:27][no_game_date][gameitemdatabasehelper.h:149]: Error: "Unknown category for : AOTA_foreign_reaction_category It will be ignored: }, near line: 118" in file: "common/decisions/AOTA_v13_decisions.txt" near line: 119
[16:51:27][no_game_date][trigger.cpp:568]: Error: "Unknown category: AOTA_american_reunification: {, near line: 1" in file: "common/decisions/AOTA_v14_us_splinters.txt" near line: 4
[16:51:27][no_game_date][persistent.cpp:66]: Error: "Unexpected token: ACC_seek_pacific_compromise, near line: 9" in file: "common/decisions/AOTA_v14_us_splinters.txt" near line: 16
[16:51:27][no_game_date][persistent.cpp:66]: Error: "Unexpected token: ACC_issue_reunification_ultimatum, near line: 17" in file: "common/decisions/AOTA_v14_us_splinters.txt" near line: 23
[16:51:27][no_game_date][persistent.cpp:66]: Error: "Unexpected token: AWU_agitate_in_enemy_factories, near line: 25" in file: "common/decisions/AOTA_v14_us_splinters.txt" near line: 31
[16:51:27][no_game_date][persistent.cpp:66]: Error: "Unexpected token: AWU_settle_red_black_compacts, near line: 32" in file: "common/decisions/AOTA_v14_us_splinters.txt" near line: 38
[16:51:27][no_game_date][persistent.cpp:66]: Error: "Unexpected token: ANA_mobilise_the_officer_schools, near line: 40" in file: "common/decisions/AOTA_v14_us_splinters.txt" near line: 46
[16:51:27][no_game_date][persistent.cpp:66]: Error: "Unexpected token: APF_broker_the_coastal_ceasefire, near line: 48" in file: "common/decisions/AOTA_v14_us_splinters.txt" near line: 54
[16:51:27][no_game_date][persistent.cpp:66]: Error: "Unexpected token: ACG_sell_rearmament_bonds, near line: 56" in file: "common/decisions/AOTA_v14_us_splinters.txt" near line: 62
[16:51:27][no_game_date][persistent.cpp:66]: Error: "Unexpected token: ASL_raise_new_county_columns, near line: 64" in file: "common/decisions/AOTA_v14_us_splinters.txt" near line: 70
[16:51:27][no_game_date][persistent.cpp:66]: Error: "Unexpected token: CCW_call_a_peace_synod, near line: 72" in file: "common/decisions/AOTA_v14_us_splinters.txt" near line: 78
[16:51:27][no_game_date][gameitemdatabasehelper.h:149]: Error: "Unknown category for : icon It will be ignored: }, near line: 79" in file: "common/decisions/AOTA_v14_us_splinters.txt" near line: 80
[16:51:27][no_game_date][trigger.cpp:568]: Error: "Unknown category: AOTA_escalation_management_ger: {, near line: 1" in file: "common/decisions/AOTA_v33_escalation_decisions.txt" near line: 5
[16:51:27][no_game_date][persistent.cpp:66]: Error: "Unexpected token: GER_open_backchannel_rhine_talks, near line: 11" in file: "common/decisions/AOTA_v33_escalation_decisions.txt" near line: 33
[16:51:27][no_game_date][persistent.cpp:66]: Error: "Unexpected token: GER_prepare_frontier_staff_work, near line: 34" in file: "common/decisions/AOTA_v33_escalation_decisions.txt" near line: 48
[16:51:27][no_game_date][persistent.cpp:66]: Error: "Unknown category for : icon It will be ignored: }, near line: 49" in file: "common/decisions/AOTA_v33_escalation_decisions.txt" near line: 51
[16:51:27][no_game_date][persistent.cpp:66]: Error: "Unexpected token: FRA_subsidize_republican_watch, near line: 60" in file: "common/decisions/AOTA_v33_escalation_decisions.txt" near line: 82
[16:51:27][no_game_date][persistent.cpp:66]: Error: "Unexpected token: FRA_arm_the_border_reserves, near line: 83" in file: "common/decisions/AOTA_v33_escalation_decisions.txt" near line: 97
[16:51:27][no_game_date][persistent.cpp:66]: Error: "Unknown category for : AOTA_escalation_management_fra It will be ignored: }, near line: 98" in file: "common/decisions/AOTA_v33_escalation_decisions.txt" near line: 100
[16:51:27][no_game_date][persistent.cpp:66]: Error: "Unexpected token: AUS_subsidize_crownland_administrations, near line: 109" in file: "common/decisions/AOTA_v33_escalation_decisions.txt" near line: 131
[16:51:27][no_game_date][persistent.cpp:66]: Error: "Unexpected token: AUS_rotate_the_frontier_commands, near line: 132" in file: "common/decisions/AOTA_v33_escalation_decisions.txt" near line: 146
[16:51:27][no_game_date][persistent.cpp:66]: Error: "Unknown category for : AOTA_escalation_management_aus It will be ignored: }, near line: 147" in file: "common/decisions/AOTA_v33_escalation_decisions.txt" near line: 149
[16:51:27][no_game_date][persistent.cpp:66]: Error: "Unexpected token: ENG_call_a_dominion_consultation, near line: 158" in file: "common/decisions/AOTA_v33_escalation_decisions.txt" near line: 180
[16:51:27][no_game_date][persistent.cpp:66]: Error: "Unknown category for : AOTA_escalation_management_eng It will be ignored: }, near line: 181" in file: "common/decisions/AOTA_v33_escalation_decisions.txt" near line: 183
[16:51:27][no_game_date][persistent.cpp:66]: Error: "Unexpected token: SOV_issue_a_reunification_white_paper, near line: 192" in file: "common/decisions/AOTA_v33_escalation_decisions.txt" near line: 214
[16:51:27][no_game_date][persistent.cpp:66]: Error: "Unexpected token: SOV_pause_for_internal_consolidation, near line: 215" in file: "common/decisions/AOTA_v33_escalation_decisions.txt" near line: 230
[16:51:27][no_game_date][persistent.cpp:66]: Error: "Unknown category for : AOTA_escalation_management_sov It will be ignored: }, near line: 231" in file: "common/decisions/AOTA_v33_escalation_decisions.txt" near line: 233
[16:51:27][no_game_date][persistent.cpp:66]: Error: "Unexpected token: TUR_convene_additional_provincial_conferences, near line: 242" in file: "common/decisions/AOTA_v33_escalation_decisions.txt" near line: 264
[16:51:27][no_game_date][persistent.cpp:66]: Error: "Unexpected token: TUR_rotate_gendarmerie_commands, near line: 265" in file: "common/decisions/AOTA_v33_escalation_decisions.txt" near line: 279
[16:51:27][no_game_date][persistent.cpp:66]: Error: "Unknown category for : AOTA_escalation_management_tur It will be ignored: }, near line: 280" in file: "common/decisions/AOTA_v33_escalation_decisions.txt" near line: 282
[16:51:27][no_game_date][persistent.cpp:66]: Error: "Unexpected token: USA_broker_state_compacts, near line: 291" in file: "common/decisions/AOTA_v33_escalation_decisions.txt" near line: 313
[16:51:27][no_game_date][persistent.cpp:66]: Error: "Unexpected token: USA_expand_federal_emergency_staff, near line: 314" in file: "common/decisions/AOTA_v33_escalation_decisions.txt" near line: 328
[16:51:27][no_game_date][persistent.cpp:66]: Error: "Unknown category for : AOTA_escalation_management_usa It will be ignored: }, near line: 329" in file: "common/decisions/AOTA_v33_escalation_decisions.txt" near line: 331
[16:51:27][no_game_date][persistent.cpp:66]: Error: "Unexpected token: ITA_pacify_the_veterans_clubs, near line: 340" in file: "common/decisions/AOTA_v33_escalation_decisions.txt" near line: 362
[16:51:27][no_game_date][persistent.cpp:66]: Error: "Unexpected token: ITA_stage_a_national_industry_congress, near line: 363" in file: "common/decisions/AOTA_v33_escalation_decisions.txt" near line: 377
[16:51:27][no_game_date][persistent.cpp:66]: Error: "Unknown category for : AOTA_escalation_management_ita It will be ignored: }, near line: 378" in file: "common/decisions/AOTA_v33_escalation_decisions.txt" near line: 380
[16:51:27][no_game_date][persistent.cpp:66]: Error: "Unexpected token: MINOR_buy_time_from_history, near line: 387" in file: "common/decisions/AOTA_v33_escalation_decisions.txt" near line: 401
[16:51:27][no_game_date][persistent.cpp:66]: Error: "Unexpected token: MINOR_fan_the_embers, near line: 402" in file: "common/decisions/AOTA_v33_escalation_decisions.txt" near line: 416
[16:51:27][no_game_date][gameitemdatabasehelper.h:149]: Error: "Unknown category for : AOTA_minor_escalation_management It will be ignored: }, near line: 417" in file: "common/decisions/AOTA_v33_escalation_decisions.txt" near line: 418
[16:51:27][no_game_date][trigger.cpp:568]: Error: "Unknown category: AOTA_american_postwar_settlement: {, near line: 1" in file: "common/decisions/AOTA_v44_us_postwar_decisions.txt" near line: 3
[16:51:27][no_game_date][persistent.cpp:66]: Error: "Unexpected token: ACC_reintegrate_state_judiciaries, near line: 6" in file: "common/decisions/AOTA_v44_us_postwar_decisions.txt" near line: 6
[16:51:27][no_game_date][persistent.cpp:66]: Error: "Unexpected token: ACC_oath_or_amnesty, near line: 7" in file: "common/decisions/AOTA_v44_us_postwar_decisions.txt" near line: 7
[16:51:27][no_game_date][persistent.cpp:66]: Error: "Unexpected token: AWU_unionize_the_reconstruction_front, near line: 9" in file: "common/decisions/AOTA_v44_us_postwar_decisions.txt" near line: 9
[16:51:27][no_game_date][persistent.cpp:66]: Error: "Unexpected token: AWU_commune_autonomy_statutes, near line: 10" in file: "common/decisions/AOTA_v44_us_postwar_decisions.txt" near line: 10
[16:51:27][no_game_date][persistent.cpp:66]: Error: "Unexpected token: ANA_garrison_the_recovered_states, near line: 12" in file: "common/decisions/AOTA_v44_us_postwar_decisions.txt" near line: 12
[16:51:27][no_game_date][persistent.cpp:66]: Error: "Unexpected token: ANA_purge_disloyal_officers, near line: 13" in file: "common/decisions/AOTA_v44_us_postwar_decisions.txt" near line: 13
[16:51:27][no_game_date][persistent.cpp:66]: Error: "Unexpected token: APF_reopen_transcontinental_relief, near line: 15" in file: "common/decisions/AOTA_v44_us_postwar_decisions.txt" near line: 15
[16:51:27][no_game_date][persistent.cpp:66]: Error: "Unexpected token: APF_harbor_citizenship_program, near line: 16" in file: "common/decisions/AOTA_v44_us_postwar_decisions.txt" near line: 16
[16:51:27][no_game_date][persistent.cpp:66]: Error: "Unexpected token: ACG_issue_national_recovery_shares, near line: 18" in file: "common/decisions/AOTA_v44_us_postwar_decisions.txt" near line: 18
[16:51:27][no_game_date][persistent.cpp:66]: Error: "Unexpected token: ACG_contractual_loyalty_oaths, near line: 19" in file: "common/decisions/AOTA_v44_us_postwar_decisions.txt" near line: 19
[16:51:27][no_game_date][persistent.cpp:66]: Error: "Unexpected token: ASL_demobilize_county_columns, near line: 21" in file: "common/decisions/AOTA_v44_us_postwar_decisions.txt" near line: 21
[16:51:27][no_game_date][persistent.cpp:66]: Error: "Unexpected token: ASL_parish_recovery_fairs, near line: 22" in file: "common/decisions/AOTA_v44_us_postwar_decisions.txt" near line: 22
[16:51:27][no_game_date][gameitemdatabasehelper.h:149]: Error: "Unknown category for : icon It will be ignored: }, near line: 23" in file: "common/decisions/AOTA_v44_us_postwar_decisions.txt" near line: 24
[16:51:27][no_game_date][trigger.cpp:568]: Error: "Unknown category: AOTA_night_pact_category: {, near line: 1" in file: "common/decisions/AOTA_v49_villain_hope_decisions.txt" near line: 3
[16:51:27][no_game_date][persistent.cpp:66]: Error: "Unexpected token: AOTA_invite_to_night_pact, near line: 5" in file: "common/decisions/AOTA_v49_villain_hope_decisions.txt" near line: 29
[16:51:27][no_game_date][persistent.cpp:66]: Error: "Unexpected token: AOTA_night_pact_financial_protocol, near line: 31" in file: "common/decisions/AOTA_v49_villain_hope_decisions.txt" near line: 39
[16:51:27][no_game_date][persistent.cpp:66]: Error: "Unexpected token: AOTA_night_pact_security_protocol, near line: 41" in file: "common/decisions/AOTA_v49_villain_hope_decisions.txt" near line: 49
[16:51:27][no_game_date][persistent.cpp:66]: Error: "Unexpected token: AOTA_night_pact_client_audits, near line: 51" in file: "common/decisions/AOTA_v49_villain_hope_decisions.txt" near line: 65
[16:51:27][no_game_date][persistent.cpp:66]: Error: "Unexpected token: AOTA_night_pact_proxy_credit, near line: 67" in file: "common/decisions/AOTA_v49_villain_hope_decisions.txt" near line: 79
[16:51:27][no_game_date][persistent.cpp:66]: Error: "Unknown category for : icon It will be ignored: }, near line: 80" in file: "common/decisions/AOTA_v49_villain_hope_decisions.txt" near line: 83
[16:51:27][no_game_date][persistent.cpp:66]: Error: "Unexpected token: AOTA_hope_issue_sanctions, near line: 86" in file: "common/decisions/AOTA_v49_villain_hope_decisions.txt" near line: 105
[16:51:27][no_game_date][persistent.cpp:66]: Error: "Unexpected token: AOTA_hope_ship_reconstruction_aid, near line: 107" in file: "common/decisions/AOTA_v49_villain_hope_decisions.txt" near line: 120
[16:51:27][no_game_date][persistent.cpp:66]: Error: "Unexpected token: AOTA_hope_refugee_corridors, near line: 122" in file: "common/decisions/AOTA_v49_villain_hope_decisions.txt" near line: 134
[16:51:27][no_game_date][persistent.cpp:66]: Error: "Unexpected token: AOTA_hope_counter_propoganda_bureaus, near line: 136" in file: "common/decisions/AOTA_v49_villain_hope_decisions.txt" near line: 150
[16:51:27][no_game_date][persistent.cpp:66]: Error: "Unknown category for : AOTA_hope_front_category It will be ignored: }, near line: 151" in file: "common/decisions/AOTA_v49_villain_hope_decisions.txt" near line: 154
[16:51:27][no_game_date][persistent.cpp:66]: Error: "Unexpected token: AOTA_cub_export_compliance_battalions, near line: 157" in file: "common/decisions/AOTA_v49_villain_hope_decisions.txt" near line: 169
[16:51:27][no_game_date][gameitemdatabasehelper.h:149]: Error: "Unknown category for : AOTA_hidden_ledger_category It will be ignored: }, near line: 170" in file: "common/decisions/AOTA_v49_villain_hope_decisions.txt" near line: 171
[16:51:27][no_game_date][trigger.cpp:568]: Error: "Not a valid value: BRA, near line: 63" in file: "common/national_focus/AOTA_ARG.txt" near line: 63
[16:51:27][no_game_date][trigger.cpp:568]: Error: "Not a valid value: USA, near line: 64" in file: "common/national_focus/AOTA_ARG.txt" near line: 64
[16:51:27][no_game_date][trigger.cpp:568]: Error: "Not a valid value: CHI, near line: 65" in file: "common/national_focus/AOTA_ARG.txt" near line: 65
[16:51:27][no_game_date][trigger.cpp:568]: Error: "Not a valid value: ARG, near line: 63" in file: "common/national_focus/AOTA_BRA.txt" near line: 63
[16:51:27][no_game_date][trigger.cpp:568]: Error: "Not a valid value: USA, near line: 64" in file: "common/national_focus/AOTA_BRA.txt" near line: 64
[16:51:27][no_game_date][trigger.cpp:568]: Error: "Not a valid value: CHI, near line: 65" in file: "common/national_focus/AOTA_BRA.txt" near line: 65
[16:51:27][no_game_date][persistent.cpp:66]: Error: "Unexpected token: completion_reward, near line: 108" in file: "common/national_focus/AOTA_CHI_warlords.txt" near line: 108
[16:51:27][no_game_date][effect.cpp:443]: Invalid effect 'naval_experience' in common/national_focus/AOTA_CUB.txt line : 270
[16:51:27][no_game_date][effect.cpp:356]: Error: "Unknown effect-type: naval_experience, near line: 270" in file: "common/national_focus/AOTA_CUB.txt" near line: 270
[16:51:27][no_game_date][effectimplementation.cpp:5427]: common/national_focus/AOTA_CUB.txt:335: recruit_character should only happen in game/history files in order to be executed only at game start
[16:51:27][no_game_date][effect.cpp:443]: Invalid effect 'naval_experience' in common/national_focus/AOTA_CUB.txt line : 388
[16:51:27][no_game_date][effect.cpp:356]: Error: "Unknown effect-type: naval_experience, near line: 388" in file: "common/national_focus/AOTA_CUB.txt" near line: 388
[16:51:27][no_game_date][trigger.cpp:568]: Error: "Not a valid value: SWE, near line: 63" in file: "common/national_focus/AOTA_DEN.txt" near line: 63
[16:51:27][no_game_date][trigger.cpp:568]: Error: "Not a valid value: GER, near line: 64" in file: "common/national_focus/AOTA_DEN.txt" near line: 64
[16:51:27][no_game_date][trigger.cpp:568]: Error: "Not a valid value: NOR, near line: 65" in file: "common/national_focus/AOTA_DEN.txt" near line: 65
[16:51:27][no_game_date][effect.cpp:356]: Error: "Malformed token: aota_red_international, near line: 599" in file: "common/national_focus/AOTA_ENG.txt" near line: 599
[16:51:27][no_game_date][effect.cpp:356]: Error: "Malformed token: aota_atlantic_financiers, near line: 770" in file: "common/national_focus/AOTA_ENG.txt" near line: 770
[16:51:27][no_game_date][effect.cpp:443]: Invalid effect 'add_trade_opinion_factor' in common/national_focus/AOTA_ENG.txt line : 950
[16:51:27][no_game_date][effect.cpp:356]: Error: "Unknown effect-type: add_trade_opinion_factor, near line: 950" in file: "common/national_focus/AOTA_ENG.txt" near line: 950
[16:51:27][no_game_date][effect.cpp:443]: Invalid effect 'add_infrastructure' in common/national_focus/AOTA_ENG.txt line : 1013
[16:51:27][no_game_date][effect.cpp:356]: Error: "Unknown effect-type: add_infrastructure, near line: 1013" in file: "common/national_focus/AOTA_ENG.txt" near line: 1013
[16:51:27][no_game_date][effect.cpp:356]: Error: "Malformed token: aota_concert_of_stability, near line: 1301" in file: "common/national_focus/AOTA_ENG.txt" near line: 1301
[16:51:27][no_game_date][effectimplementation.cpp:5427]: common/national_focus/AOTA_ENG.txt:1405: recruit_character should only happen in game/history files in order to be executed only at game start
[16:51:27][no_game_date][trigger.cpp:568]: Error: "Not a valid value: POL, near line: 25" in file: "common/national_focus/AOTA_GER.txt" near line: 25
[16:51:27][no_game_date][trigger.cpp:568]: Error: "Not a valid value: CZE, near line: 25" in file: "common/national_focus/AOTA_GER.txt" near line: 25
[16:51:27][no_game_date][trigger.cpp:568]: Error: "Not a valid value: FRA, near line: 42" in file: "common/national_focus/AOTA_GER.txt" near line: 42
[16:51:27][no_game_date][trigger.cpp:568]: Error: "Not a valid value: POL, near line: 43" in file: "common/national_focus/AOTA_GER.txt" near line: 43
[16:51:27][no_game_date][trigger.cpp:568]: Error: "Not a valid value: SWE, near line: 85" in file: "common/national_focus/AOTA_GER.txt" near line: 85
[16:51:27][no_game_date][trigger.cpp:568]: Error: "Not a valid value: SWI, near line: 86" in file: "common/national_focus/AOTA_GER.txt" near line: 86
[16:51:27][no_game_date][effectimplementation.cpp:5427]: common/national_focus/AOTA_GER.txt:216: recruit_character should only happen in game/history files in order to be executed only at game start
[16:51:27][no_game_date][effect.cpp:443]: Invalid effect 'add_navy_experience' in common/national_focus/AOTA_ITA.txt line : 9
[16:51:27][no_game_date][effect.cpp:356]: Error: "Unknown effect-type: add_navy_experience, near line: 9" in file: "common/national_focus/AOTA_ITA.txt" near line: 9
[16:51:27][no_game_date][effect.cpp:443]: Invalid effect 'add_navy_experience' in common/national_focus/AOTA_ITA.txt line : 23
[16:51:27][no_game_date][effect.cpp:356]: Error: "Unknown effect-type: add_navy_experience, near line: 23" in file: "common/national_focus/AOTA_ITA.txt" near line: 23
[16:51:27][no_game_date][effect.cpp:443]: Invalid effect 'add_navy_experience' in common/national_focus/AOTA_ITA.txt line : 30
[16:51:27][no_game_date][effect.cpp:356]: Error: "Unknown effect-type: add_navy_experience, near line: 30" in file: "common/national_focus/AOTA_ITA.txt" near line: 30
[16:51:27][no_game_date][effect.cpp:443]: Invalid effect 'add_navy_experience' in common/national_focus/AOTA_ITA.txt line : 31
[16:51:27][no_game_date][effect.cpp:356]: Error: "Unknown effect-type: add_navy_experience, near line: 31" in file: "common/national_focus/AOTA_ITA.txt" near line: 31
[16:51:27][no_game_date][effect.cpp:443]: Invalid effect 'add_navy_experience' in common/national_focus/AOTA_ITA.txt line : 32
[16:51:27][no_game_date][effect.cpp:356]: Error: "Unknown effect-type: add_navy_experience, near line: 32" in file: "common/national_focus/AOTA_ITA.txt" near line: 32
[16:51:27][no_game_date][effect.cpp:443]: Invalid effect 'add_navy_experience' in common/national_focus/AOTA_ITA.txt line : 46
[16:51:27][no_game_date][effect.cpp:356]: Error: "Unknown effect-type: add_navy_experience, near line: 46" in file: "common/national_focus/AOTA_ITA.txt" near line: 46
[16:51:27][no_game_date][effect.cpp:443]: Invalid effect 'add_navy_experience' in common/national_focus/AOTA_ITA.txt line : 131
[16:51:27][no_game_date][effect.cpp:356]: Error: "Unknown effect-type: add_navy_experience, near line: 131" in file: "common/national_focus/AOTA_ITA.txt" near line: 131
[16:51:27][no_game_date][effect.cpp:443]: Invalid effect 'add_navy_experience' in common/national_focus/AOTA_ITA.txt line : 132
[16:51:27][no_game_date][effect.cpp:356]: Error: "Unknown effect-type: add_navy_experience, near line: 132" in file: "common/national_focus/AOTA_ITA.txt" near line: 132
[16:51:27][no_game_date][effect.cpp:443]: Invalid effect 'add_navy_experience' in common/national_focus/AOTA_ITA.txt line : 133
[16:51:27][no_game_date][effect.cpp:356]: Error: "Unknown effect-type: add_navy_experience, near line: 133" in file: "common/national_focus/AOTA_ITA.txt" near line: 133
[16:51:27][no_game_date][effect.cpp:443]: Invalid effect 'add_navy_experience' in common/national_focus/AOTA_ITA.txt line : 134
[16:51:27][no_game_date][effect.cpp:356]: Error: "Unknown effect-type: add_navy_experience, near line: 134" in file: "common/national_focus/AOTA_ITA.txt" near line: 134
[16:51:27][no_game_date][effect.cpp:443]: Invalid effect 'add_navy_experience' in common/national_focus/AOTA_ITA.txt line : 135
[16:51:27][no_game_date][effect.cpp:356]: Error: "Unknown effect-type: add_navy_experience, near line: 135" in file: "common/national_focus/AOTA_ITA.txt" near line: 135
[16:51:27][no_game_date][effect.cpp:443]: Invalid effect 'add_navy_experience' in common/national_focus/AOTA_ITA.txt line : 136
[16:51:27][no_game_date][effect.cpp:356]: Error: "Unknown effect-type: add_navy_experience, near line: 136" in file: "common/national_focus/AOTA_ITA.txt" near line: 136
[16:51:27][no_game_date][effect.cpp:443]: Invalid effect 'add_navy_experience' in common/national_focus/AOTA_ITA.txt line : 137
[16:51:27][no_game_date][effect.cpp:356]: Error: "Unknown effect-type: add_navy_experience, near line: 137" in file: "common/national_focus/AOTA_ITA.txt" near line: 137
[16:51:27][no_game_date][effect.cpp:443]: Invalid effect 'add_navy_experience' in common/national_focus/AOTA_ITA.txt line : 138
[16:51:27][no_game_date][effect.cpp:356]: Error: "Unknown effect-type: add_navy_experience, near line: 138" in file: "common/national_focus/AOTA_ITA.txt" near line: 138
[16:51:27][no_game_date][effect.cpp:443]: Invalid effect 'add_navy_experience' in common/national_focus/AOTA_ITA.txt line : 139
[16:51:27][no_game_date][effect.cpp:356]: Error: "Unknown effect-type: add_navy_experience, near line: 139" in file: "common/national_focus/AOTA_ITA.txt" near line: 139
[16:51:27][no_game_date][effect.cpp:443]: Invalid effect 'add_navy_experience' in common/national_focus/AOTA_ITA.txt line : 140
[16:51:27][no_game_date][effect.cpp:356]: Error: "Unknown effect-type: add_navy_experience, near line: 140" in file: "common/national_focus/AOTA_ITA.txt" near line: 140
[16:51:27][no_game_date][effect.cpp:443]: Invalid effect 'add_navy_experience' in common/national_focus/AOTA_ITA.txt line : 141
[16:51:27][no_game_date][effect.cpp:356]: Error: "Unknown effect-type: add_navy_experience, near line: 141" in file: "common/national_focus/AOTA_ITA.txt" near line: 141
[16:51:27][no_game_date][effect.cpp:443]: Invalid effect 'add_navy_experience' in common/national_focus/AOTA_ITA.txt line : 142
[16:51:27][no_game_date][effect.cpp:356]: Error: "Unknown effect-type: add_navy_experience, near line: 142" in file: "common/national_focus/AOTA_ITA.txt" near line: 142
[16:51:27][no_game_date][effect.cpp:443]: Invalid effect 'add_navy_experience' in common/national_focus/AOTA_ITA.txt line : 143
[16:51:27][no_game_date][effect.cpp:356]: Error: "Unknown effect-type: add_navy_experience, near line: 143" in file: "common/national_focus/AOTA_ITA.txt" near line: 143
[16:51:27][no_game_date][effect.cpp:443]: Invalid effect 'add_navy_experience' in common/national_focus/AOTA_ITA.txt line : 144
[16:51:27][no_game_date][effect.cpp:356]: Error: "Unknown effect-type: add_navy_experience, near line: 144" in file: "common/national_focus/AOTA_ITA.txt" near line: 144
[16:51:27][no_game_date][effect.cpp:443]: Invalid effect 'add_navy_experience' in common/national_focus/AOTA_ITA.txt line : 145
[16:51:27][no_game_date][effect.cpp:356]: Error: "Unknown effect-type: add_navy_experience, near line: 145" in file: "common/national_focus/AOTA_ITA.txt" near line: 145
[16:51:27][no_game_date][effect.cpp:443]: Invalid effect 'add_navy_experience' in common/national_focus/AOTA_ITA.txt line : 146
[16:51:27][no_game_date][effect.cpp:356]: Error: "Unknown effect-type: add_navy_experience, near line: 146" in file: "common/national_focus/AOTA_ITA.txt" near line: 146
[16:51:27][no_game_date][effect.cpp:443]: Invalid effect 'add_navy_experience' in common/national_focus/AOTA_ITA.txt line : 147
[16:51:27][no_game_date][effect.cpp:356]: Error: "Unknown effect-type: add_navy_experience, near line: 147" in file: "common/national_focus/AOTA_ITA.txt" near line: 147
[16:51:27][no_game_date][effect.cpp:443]: Invalid effect 'add_navy_experience' in common/national_focus/AOTA_ITA.txt line : 148
[16:51:27][no_game_date][effect.cpp:356]: Error: "Unknown effect-type: add_navy_experience, near line: 148" in file: "common/national_focus/AOTA_ITA.txt" near line: 148
[16:51:27][no_game_date][effect.cpp:356]: Error: "Unexpected token: state, near line: 51" in file: "common/national_focus/AOTA_MEX.txt" near line: 51
[16:51:27][no_game_date][trigger.cpp:568]: Error: "Not a valid value: SWE, near line: 63" in file: "common/national_focus/AOTA_NOR.txt" near line: 63
[16:51:27][no_game_date][trigger.cpp:568]: Error: "Not a valid value: ENG, near line: 64" in file: "common/national_focus/AOTA_NOR.txt" near line: 64
[16:51:27][no_game_date][trigger.cpp:568]: Error: "Not a valid value: DEN, near line: 65" in file: "common/national_focus/AOTA_NOR.txt" near line: 65
[16:51:27][no_game_date][effect.cpp:356]: Error: "Unexpected token: state, near line: 49" in file: "common/national_focus/AOTA_SER.txt" near line: 49
[16:51:27][no_game_date][effect.cpp:356]: Error: "Unexpected token: state, near line: 59" in file: "common/national_focus/AOTA_SER.txt" near line: 59
[16:51:27][no_game_date][trigger.cpp:700]: Invalid trigger 'stability' in common/national_focus/AOTA_SPR.txt line : 12
[16:51:27][no_game_date][trigger.cpp:568]: Error: "Unknown trigger-type: stability, near line: 12" in file: "common/national_focus/AOTA_SPR.txt" near line: 12
[16:51:27][no_game_date][trigger.cpp:568]: Error: "Not a valid value: NOR, near line: 63" in file: "common/national_focus/AOTA_SWE.txt" near line: 63
[16:51:27][no_game_date][trigger.cpp:568]: Error: "Not a valid value: GER, near line: 64" in file: "common/national_focus/AOTA_SWE.txt" near line: 64
[16:51:27][no_game_date][trigger.cpp:568]: Error: "Not a valid value: DEN, near line: 65" in file: "common/national_focus/AOTA_SWE.txt" near line: 65
[16:51:27][no_game_date][effect.cpp:443]: Invalid effect 'set_country_leader' in common/national_focus/AOTA_TUR.txt line : 200
[16:51:27][no_game_date][effect.cpp:356]: Error: "Unknown effect-type: set_country_leader, near line: 200" in file: "common/national_focus/AOTA_TUR.txt" near line: 200
[16:51:28][no_game_date][nationalfocus.cpp:2410]: AOTA_warlord_china_without_submission: Couldn't find dependency { 
[16:51:29][no_game_date][persistent.cpp:66]: Error: "Unexpected token: country, near line: 8" in file: "common/bookmarks/AOTA_bookmark.txt" near line: 8
[16:51:30][no_game_date][persistent.cpp:66]: Error: "Unexpected token: id, near line: 2" in file: "common/ai_strategy/AOTA_ai_strategy.txt" near line: 2
[16:51:30][no_game_date][persistent.cpp:66]: Error: "Unexpected token: strategy, near line: 6" in file: "common/ai_strategy/AOTA_ai_strategy.txt" near line: 6
[16:51:30][no_game_date][persistent.cpp:66]: Error: "Unexpected token: id, near line: 10" in file: "common/ai_strategy/AOTA_ai_strategy.txt" near line: 10
[16:51:30][no_game_date][persistent.cpp:66]: Error: "Unexpected token: strategy, near line: 14" in file: "common/ai_strategy/AOTA_ai_strategy.txt" near line: 14
[16:51:30][no_game_date][persistent.cpp:66]: Error: "Unexpected token: id, near line: 18" in file: "common/ai_strategy/AOTA_ai_strategy.txt" near line: 18
[16:51:30][no_game_date][persistent.cpp:66]: Error: "Unexpected token: strategy, near line: 22" in file: "common/ai_strategy/AOTA_ai_strategy.txt" near line: 22
[16:51:30][no_game_date][persistent.cpp:66]: Error: "Unexpected token: id, near line: 2" in file: "common/ai_strategy/AOTA_china_japan_ai_strategy.txt" near line: 2
[16:51:30][no_game_date][persistent.cpp:66]: Error: "Unexpected token: strategy, near line: 11" in file: "common/ai_strategy/AOTA_china_japan_ai_strategy.txt" near line: 11
[16:51:30][no_game_date][persistent.cpp:66]: Error: "Unexpected token: strategy, near line: 12" in file: "common/ai_strategy/AOTA_china_japan_ai_strategy.txt" near line: 12
[16:51:30][no_game_date][persistent.cpp:66]: Error: "Unexpected token: id, near line: 16" in file: "common/ai_strategy/AOTA_china_japan_ai_strategy.txt" near line: 16
[16:51:30][no_game_date][persistent.cpp:66]: Error: "Unexpected token: strategy, near line: 23" in file: "common/ai_strategy/AOTA_china_japan_ai_strategy.txt" near line: 23
[16:51:30][no_game_date][persistent.cpp:66]: Error: "Unexpected token: id, near line: 27" in file: "common/ai_strategy/AOTA_china_japan_ai_strategy.txt" near line: 27
[16:51:30][no_game_date][persistent.cpp:66]: Error: "Unexpected token: strategy, near line: 34" in file: "common/ai_strategy/AOTA_china_japan_ai_strategy.txt" near line: 34
[16:51:30][no_game_date][persistent.cpp:66]: Error: "Unexpected token: id, near line: 38" in file: "common/ai_strategy/AOTA_china_japan_ai_strategy.txt" near line: 38
[16:51:30][no_game_date][trigger.cpp:700]: Invalid trigger 'limit' in common/ai_strategy/AOTA_china_japan_ai_strategy.txt line : 43
[16:51:30][no_game_date][trigger.cpp:568]: Error: "Unknown trigger-type: limit, near line: 43" in file: "common/ai_strategy/AOTA_china_japan_ai_strategy.txt" near line: 47
[16:51:30][no_game_date][persistent.cpp:66]: Error: "Unexpected token: strategy, near line: 49" in file: "common/ai_strategy/AOTA_china_japan_ai_strategy.txt" near line: 49
[16:51:30][no_game_date][persistent.cpp:66]: Error: "Unexpected token: strategy, near line: 50" in file: "common/ai_strategy/AOTA_china_japan_ai_strategy.txt" near line: 50
[16:51:30][no_game_date][persistent.cpp:66]: Error: "Unexpected token: id, near line: 54" in file: "common/ai_strategy/AOTA_china_japan_ai_strategy.txt" near line: 54
[16:51:30][no_game_date][persistent.cpp:66]: Error: "Unexpected token: strategy, near line: 61" in file: "common/ai_strategy/AOTA_china_japan_ai_strategy.txt" near line: 61
[16:51:30][no_game_date][persistent.cpp:66]: Error: "Unexpected token: strategy, near line: 62" in file: "common/ai_strategy/AOTA_china_japan_ai_strategy.txt" near line: 62
[16:51:30][no_game_date][persistent.cpp:66]: Error: "Unexpected token: id, near line: 2" in file: "common/ai_strategy/AOTA_v12_ai_strategy.txt" near line: 2
[16:51:30][no_game_date][persistent.cpp:66]: Error: "Unexpected token: strategy, near line: 6" in file: "common/ai_strategy/AOTA_v12_ai_strategy.txt" near line: 6
[16:51:30][no_game_date][ai_strategy.cpp:6876]: common/ai_strategy/AOTA_v12_ai_strategy.txt:1 AI strategy ai_strategy with missing or empty abort condition, possibly a scripting mistake. If you intend to have no abort condition, add an 'abort = { always = no }' statement to suppress this error message. Otherwise, consider using 'abort_when_not_enabled = yes'.
[16:51:30][no_game_date][persistent.cpp:66]: Error: "Unexpected token: id, near line: 10" in file: "common/ai_strategy/AOTA_v12_ai_strategy.txt" near line: 10
[16:51:30][no_game_date][persistent.cpp:66]: Error: "Unexpected token: strategy, near line: 14" in file: "common/ai_strategy/AOTA_v12_ai_strategy.txt" near line: 14
[16:51:30][no_game_date][ai_strategy.cpp:6876]: common/ai_strategy/AOTA_v12_ai_strategy.txt:9 AI strategy ai_strategy with missing or empty abort condition, possibly a scripting mistake. If you intend to have no abort condition, add an 'abort = { always = no }' statement to suppress this error message. Otherwise, consider using 'abort_when_not_enabled = yes'.
[16:51:30][no_game_date][persistent.cpp:66]: Error: "Unexpected token: id, near line: 18" in file: "common/ai_strategy/AOTA_v12_ai_strategy.txt" near line: 18
[16:51:30][no_game_date][persistent.cpp:66]: Error: "Unexpected token: strategy, near line: 22" in file: "common/ai_strategy/AOTA_v12_ai_strategy.txt" near line: 22
[16:51:30][no_game_date][ai_strategy.cpp:6876]: common/ai_strategy/AOTA_v12_ai_strategy.txt:17 AI strategy ai_strategy with missing or empty abort condition, possibly a scripting mistake. If you intend to have no abort condition, add an 'abort = { always = no }' statement to suppress this error message. Otherwise, consider using 'abort_when_not_enabled = yes'.
[16:51:30][no_game_date][persistent.cpp:66]: Error: "Unexpected token: id, near line: 26" in file: "common/ai_strategy/AOTA_v12_ai_strategy.txt" near line: 26
[16:51:30][no_game_date][persistent.cpp:66]: Error: "Unexpected token: strategy, near line: 30" in file: "common/ai_strategy/AOTA_v12_ai_strategy.txt" near line: 30
[16:51:30][no_game_date][ai_strategy.cpp:6876]: common/ai_strategy/AOTA_v12_ai_strategy.txt:25 AI strategy ai_strategy with missing or empty abort condition, possibly a scripting mistake. If you intend to have no abort condition, add an 'abort = { always = no }' statement to suppress this error message. Otherwise, consider using 'abort_when_not_enabled = yes'.
[16:51:30][no_game_date][persistent.cpp:66]: Error: "Unexpected token: id, near line: 34" in file: "common/ai_strategy/AOTA_v12_ai_strategy.txt" near line: 34
[16:51:30][no_game_date][persistent.cpp:66]: Error: "Unexpected token: strategy, near line: 38" in file: "common/ai_strategy/AOTA_v12_ai_strategy.txt" near line: 38
[16:51:30][no_game_date][ai_strategy.cpp:6876]: common/ai_strategy/AOTA_v12_ai_strategy.txt:33 AI strategy ai_strategy with missing or empty abort condition, possibly a scripting mistake. If you intend to have no abort condition, add an 'abort = { always = no }' statement to suppress this error message. Otherwise, consider using 'abort_when_not_enabled = yes'.
[16:51:30][no_game_date][trigger.cpp:568]: Error: "Not a valid value: anarchism, near line: 607" in file: "common/scripted_localisation/00_scripted_localisation_countries_RU_loc.txt" near line: 608
[16:51:30][no_game_date][trigger.cpp:568]: Error: "Not a valid value: anarchism, near line: 22376" in file: "common/scripted_localisation/00_scripted_localisation_countries_RU_loc.txt" near line: 22377
[16:51:30][no_game_date][trigger.cpp:568]: Error: "Not a valid value: anarchism, near line: 44146" in file: "common/scripted_localisation/00_scripted_localisation_countries_RU_loc.txt" near line: 44147
[16:51:30][no_game_date][trigger.cpp:568]: Error: "Not a valid value: anarchism, near line: 65916" in file: "common/scripted_localisation/00_scripted_localisation_countries_RU_loc.txt" near line: 65917
[16:51:30][no_game_date][trigger.cpp:568]: Error: "Not a valid value: anarchism, near line: 87686" in file: "common/scripted_localisation/00_scripted_localisation_countries_RU_loc.txt" near line: 87687
[16:51:30][no_game_date][trigger.cpp:568]: Error: "Not a valid value: anarchism, near line: 109307" in file: "common/scripted_localisation/00_scripted_localisation_countries_RU_loc.txt" near line: 109308
[16:51:30][no_game_date][trigger.cpp:568]: Error: "Not a valid value: anarchism, near line: 121596" in file: "common/scripted_localisation/00_scripted_localisation_countries_RU_loc.txt" near line: 121597
[16:51:30][no_game_date][trigger.cpp:568]: Error: "Not a valid value: anarchism, near line: 133745" in file: "common/scripted_localisation/00_scripted_localisation_countries_RU_loc.txt" near line: 133746
[16:51:30][no_game_date][trigger.cpp:568]: Error: "Not a valid value: anarchism, near line: 145894" in file: "common/scripted_localisation/00_scripted_localisation_countries_RU_loc.txt" near line: 145895
[16:51:30][no_game_date][trigger.cpp:568]: Error: "Not a valid value: anarchism, near line: 158068" in file: "common/scripted_localisation/00_scripted_localisation_countries_RU_loc.txt" near line: 158069
[16:51:30][no_game_date][trigger.cpp:568]: Error: "Not a valid value: anarchism, near line: 170457" in file: "common/scripted_localisation/00_scripted_localisation_countries_RU_loc.txt" near line: 170458
[16:51:31][no_game_date][trigger.cpp:568]: Error: "Not a valid value: anarchism, near line: 562" in file: "common/scripted_localisation/FR_SCRIPTING_FULL_AUTOMATED.txt" near line: 563
[16:51:31][no_game_date][trigger.cpp:568]: Error: "Not a valid value: anarchism, near line: 19960" in file: "common/scripted_localisation/FR_SCRIPTING_FULL_AUTOMATED.txt" near line: 19961
[16:51:31][no_game_date][trigger.cpp:568]: Error: "Not a valid value: anarchism, near line: 39280" in file: "common/scripted_localisation/FR_SCRIPTING_FULL_AUTOMATED.txt" near line: 39281
[16:51:31][no_game_date][trigger.cpp:568]: Error: "Not a valid value: anarchism, near line: 58601" in file: "common/scripted_localisation/FR_SCRIPTING_FULL_AUTOMATED.txt" near line: 58602
[16:51:31][no_game_date][trigger.cpp:568]: Error: "Not a valid value: anarchism, near line: 77903" in file: "common/scripted_localisation/FR_SCRIPTING_FULL_AUTOMATED.txt" near line: 77904
[16:51:31][no_game_date][trigger.cpp:568]: Error: "Not a valid value: anarchism, near line: 97063" in file: "common/scripted_localisation/FR_SCRIPTING_FULL_AUTOMATED.txt" near line: 97064
[16:51:31][no_game_date][trigger.cpp:568]: Error: "Not a valid value: anarchism, near line: 109198" in file: "common/scripted_localisation/FR_SCRIPTING_FULL_AUTOMATED.txt" near line: 109199
[16:51:31][no_game_date][trigger.cpp:568]: Error: "Not a valid value: anarchism, near line: 121333" in file: "common/scripted_localisation/FR_SCRIPTING_FULL_AUTOMATED.txt" near line: 121334
[16:51:31][no_game_date][trigger.cpp:568]: Error: "Not a valid value: anarchism, near line: 133468" in file: "common/scripted_localisation/FR_SCRIPTING_FULL_AUTOMATED.txt" near line: 133469
[16:51:31][no_game_date][trigger.cpp:568]: Error: "Not a valid value: anarchism, near line: 145641" in file: "common/scripted_localisation/FR_SCRIPTING_FULL_AUTOMATED.txt" near line: 145642
[16:51:31][no_game_date][trigger.cpp:568]: Error: "Not a valid value: anarchism, near line: 157981" in file: "common/scripted_localisation/FR_SCRIPTING_FULL_AUTOMATED.txt" near line: 157982
[16:51:31][no_game_date][trigger.cpp:568]: Error: "Not a valid value: anarchism, near line: 170329" in file: "common/scripted_localisation/FR_SCRIPTING_FULL_AUTOMATED.txt" near line: 170330
[16:51:31][no_game_date][trigger.cpp:568]: Error: "Not a valid value: anarchism, near line: 182824" in file: "common/scripted_localisation/FR_SCRIPTING_FULL_AUTOMATED.txt" near line: 182825
[16:51:31][no_game_date][trigger.cpp:568]: Error: "Not a valid value: anarchism, near line: 195308" in file: "common/scripted_localisation/FR_SCRIPTING_FULL_AUTOMATED.txt" near line: 195309
[16:51:31][no_game_date][trigger.cpp:568]: Error: "Not a valid value: anarchism, near line: 207572" in file: "common/scripted_localisation/FR_SCRIPTING_FULL_AUTOMATED.txt" near line: 207573
[16:51:31][no_game_date][trigger.cpp:568]: Error: "Not a valid value: anarchism, near line: 219828" in file: "common/scripted_localisation/FR_SCRIPTING_FULL_AUTOMATED.txt" near line: 219829
[16:51:31][no_game_date][trigger.cpp:568]: Error: "Not a valid value: anarchism, near line: 232092" in file: "common/scripted_localisation/FR_SCRIPTING_FULL_AUTOMATED.txt" near line: 232093
[16:51:31][no_game_date][trigger.cpp:568]: Error: "Not a valid value: anarchism, near line: 244329" in file: "common/scripted_localisation/FR_SCRIPTING_FULL_AUTOMATED.txt" near line: 244330
[16:51:31][no_game_date][trigger.cpp:568]: Error: "Not a valid value: anarchism, near line: 256464" in file: "common/scripted_localisation/FR_SCRIPTING_FULL_AUTOMATED.txt" near line: 256465
[16:51:31][no_game_date][trigger.cpp:568]: Error: "Not a valid value: anarchism, near line: 268626" in file: "common/scripted_localisation/FR_SCRIPTING_FULL_AUTOMATED.txt" near line: 268627
[16:51:31][no_game_date][trigger.cpp:568]: Error: "Not a valid value: anarchism, near line: 280890" in file: "common/scripted_localisation/FR_SCRIPTING_FULL_AUTOMATED.txt" near line: 280891
[16:51:31][no_game_date][trigger.cpp:568]: Error: "Not a valid value: anarchism, near line: 293127" in file: "common/scripted_localisation/FR_SCRIPTING_FULL_AUTOMATED.txt" near line: 293128
[16:51:31][no_game_date][trigger.cpp:568]: Error: "Not a valid value: anarchism, near line: 305305" in file: "common/scripted_localisation/FR_SCRIPTING_FULL_AUTOMATED.txt" near line: 305306
[16:51:31][no_game_date][trigger.cpp:568]: Error: "Not a valid value: anarchism, near line: 317738" in file: "common/scripted_localisation/FR_SCRIPTING_FULL_AUTOMATED.txt" near line: 317739
[16:51:31][no_game_date][trigger.cpp:568]: Error: "Not a valid value: anarchism, near line: 330165" in file: "common/scripted_localisation/FR_SCRIPTING_FULL_AUTOMATED.txt" near line: 330166
[16:51:31][no_game_date][trigger.cpp:568]: Error: "Not a valid value: anarchism, near line: 342532" in file: "common/scripted_localisation/FR_SCRIPTING_FULL_AUTOMATED.txt" near line: 342533
[16:51:31][no_game_date][trigger.cpp:568]: Error: "Not a valid value: anarchism, near line: 354882" in file: "common/scripted_localisation/FR_SCRIPTING_FULL_AUTOMATED.txt" near line: 354883
[16:51:31][no_game_date][trigger.cpp:568]: Error: "Not a valid value: anarchism, near line: 367119" in file: "common/scripted_localisation/FR_SCRIPTING_FULL_AUTOMATED.txt" near line: 367120
[16:51:31][no_game_date][trigger.cpp:568]: Error: "Not a valid value: anarchism, near line: 379371" in file: "common/scripted_localisation/FR_SCRIPTING_FULL_AUTOMATED.txt" near line: 379372
[16:51:31][no_game_date][trigger.cpp:568]: Error: "Not a valid value: anarchism, near line: 391600" in file: "common/scripted_localisation/FR_SCRIPTING_FULL_AUTOMATED.txt" near line: 391601
[16:51:31][no_game_date][trigger.cpp:568]: Error: "Not a valid value: anarchism, near line: 403770" in file: "common/scripted_localisation/FR_SCRIPTING_FULL_AUTOMATED.txt" near line: 403771
[16:51:31][no_game_date][trigger.cpp:568]: Error: "Not a valid value: anarchism, near line: 416034" in file: "common/scripted_localisation/FR_SCRIPTING_FULL_AUTOMATED.txt" near line: 416035
[16:51:31][no_game_date][trigger.cpp:568]: Error: "Not a valid value: anarchism, near line: 428263" in file: "common/scripted_localisation/FR_SCRIPTING_FULL_AUTOMATED.txt" near line: 428264
[16:51:31][no_game_date][trigger.cpp:568]: Error: "Not a valid value: anarchism, near line: 440398" in file: "common/scripted_localisation/FR_SCRIPTING_FULL_AUTOMATED.txt" near line: 440399
[16:51:31][no_game_date][trigger.cpp:568]: Error: "Not a valid value: anarchism, near line: 452533" in file: "common/scripted_localisation/FR_SCRIPTING_FULL_AUTOMATED.txt" near line: 452534
[16:51:31][no_game_date][trigger.cpp:568]: Error: "Not a valid value: anarchism, near line: 464668" in file: "common/scripted_localisation/FR_SCRIPTING_FULL_AUTOMATED.txt" near line: 464669
[16:51:31][no_game_date][trigger.cpp:568]: Error: "Not a valid value: anarchism, near line: 476830" in file: "common/scripted_localisation/FR_SCRIPTING_FULL_AUTOMATED.txt" near line: 476831
[16:51:31][no_game_date][trigger.cpp:568]: Error: "Not a valid value: anarchism, near line: 489094" in file: "common/scripted_localisation/FR_SCRIPTING_FULL_AUTOMATED.txt" near line: 489095
[16:51:31][no_game_date][trigger.cpp:568]: Error: "Not a valid value: anarchism, near line: 501351" in file: "common/scripted_localisation/FR_SCRIPTING_FULL_AUTOMATED.txt" near line: 501352
[16:51:31][no_game_date][trigger.cpp:568]: Error: "Not a valid value: anarchism, near line: 513588" in file: "common/scripted_localisation/FR_SCRIPTING_FULL_AUTOMATED.txt" near line: 513589
[16:51:31][no_game_date][trigger.cpp:568]: Error: "Not a valid value: anarchism, near line: 525835" in file: "common/scripted_localisation/FR_SCRIPTING_FULL_AUTOMATED.txt" near line: 525836
[16:51:31][no_game_date][trigger.cpp:568]: Error: "Not a valid value: anarchism, near line: 538175" in file: "common/scripted_localisation/FR_SCRIPTING_FULL_AUTOMATED.txt" near line: 538176
[16:51:31][no_game_date][trigger.cpp:568]: Error: "Not a valid value: anarchism, near line: 550485" in file: "common/scripted_localisation/FR_SCRIPTING_FULL_AUTOMATED.txt" near line: 550486
[16:51:31][no_game_date][trigger.cpp:568]: Error: "Not a valid value: anarchism, near line: 562620" in file: "common/scripted_localisation/FR_SCRIPTING_FULL_AUTOMATED.txt" near line: 562621
[16:51:31][no_game_date][trigger.cpp:568]: Error: "Not a valid value: anarchism, near line: 574782" in file: "common/scripted_localisation/FR_SCRIPTING_FULL_AUTOMATED.txt" near line: 574783
[16:51:31][no_game_date][trigger.cpp:568]: Error: "Not a valid value: anarchism, near line: 587046" in file: "common/scripted_localisation/FR_SCRIPTING_FULL_AUTOMATED.txt" near line: 587047
[16:51:31][no_game_date][trigger.cpp:568]: Error: "Not a valid value: anarchism, near line: 599283" in file: "common/scripted_localisation/FR_SCRIPTING_FULL_AUTOMATED.txt" near line: 599284
[16:51:31][no_game_date][trigger.cpp:568]: Error: "Not a valid value: anarchism, near line: 611418" in file: "common/scripted_localisation/FR_SCRIPTING_FULL_AUTOMATED.txt" near line: 611419
[16:51:31][no_game_date][trigger.cpp:568]: Error: "Not a valid value: anarchism, near line: 623553" in file: "common/scripted_localisation/FR_SCRIPTING_FULL_AUTOMATED.txt" near line: 623554
[16:51:31][no_game_date][trigger.cpp:568]: Error: "Not a valid value: anarchism, near line: 635688" in file: "common/scripted_localisation/FR_SCRIPTING_FULL_AUTOMATED.txt" near line: 635689
[16:51:31][no_game_date][trigger.cpp:568]: Error: "Not a valid value: anarchism, near line: 647850" in file: "common/scripted_localisation/FR_SCRIPTING_FULL_AUTOMATED.txt" near line: 647851
[16:51:31][no_game_date][trigger.cpp:568]: Error: "Not a valid value: anarchism, near line: 660114" in file: "common/scripted_localisation/FR_SCRIPTING_FULL_AUTOMATED.txt" near line: 660115
[16:51:31][no_game_date][trigger.cpp:568]: Error: "Not a valid value: anarchism, near line: 672351" in file: "common/scripted_localisation/FR_SCRIPTING_FULL_AUTOMATED.txt" near line: 672352
[16:51:31][no_game_date][trigger.cpp:568]: Error: "Not a valid value: anarchism, near line: 684486" in file: "common/scripted_localisation/FR_SCRIPTING_FULL_AUTOMATED.txt" near line: 684487
[16:51:31][no_game_date][trigger.cpp:568]: Error: "Not a valid value: anarchism, near line: 696621" in file: "common/scripted_localisation/FR_SCRIPTING_FULL_AUTOMATED.txt" near line: 696622
[16:51:31][no_game_date][trigger.cpp:568]: Error: "Not a valid value: anarchism, near line: 708756" in file: "common/scripted_localisation/FR_SCRIPTING_FULL_AUTOMATED.txt" near line: 708757
[16:51:31][no_game_date][trigger.cpp:568]: Error: "Not a valid value: anarchism, near line: 720891" in file: "common/scripted_localisation/FR_SCRIPTING_FULL_AUTOMATED.txt" near line: 720892
[16:51:31][no_game_date][trigger.cpp:568]: Error: "Not a valid value: anarchism, near line: 733026" in file: "common/scripted_localisation/FR_SCRIPTING_FULL_AUTOMATED.txt" near line: 733027
[16:51:31][no_game_date][trigger.cpp:568]: Error: "Not a valid value: anarchism, near line: 745196" in file: "common/scripted_localisation/FR_SCRIPTING_FULL_AUTOMATED.txt" near line: 745197
[16:51:31][no_game_date][trigger.cpp:568]: Error: "Not a valid value: anarchism, near line: 757460" in file: "common/scripted_localisation/FR_SCRIPTING_FULL_AUTOMATED.txt" near line: 757461
[16:51:31][no_game_date][trigger.cpp:568]: Error: "Not a valid value: anarchism, near line: 769689" in file: "common/scripted_localisation/FR_SCRIPTING_FULL_AUTOMATED.txt" near line: 769690
[16:51:31][no_game_date][trigger.cpp:568]: Error: "Not a valid value: anarchism, near line: 781824" in file: "common/scripted_localisation/FR_SCRIPTING_FULL_AUTOMATED.txt" near line: 781825
[16:51:31][no_game_date][trigger.cpp:568]: Error: "Not a valid value: anarchism, near line: 793959" in file: "common/scripted_localisation/FR_SCRIPTING_FULL_AUTOMATED.txt" near line: 793960
[16:51:31][no_game_date][trigger.cpp:568]: Error: "Not a valid value: anarchism, near line: 806094" in file: "common/scripted_localisation/FR_SCRIPTING_FULL_AUTOMATED.txt" near line: 806095
[16:51:31][no_game_date][trigger.cpp:568]: Error: "Not a valid value: anarchism, near line: 818229" in file: "common/scripted_localisation/FR_SCRIPTING_FULL_AUTOMATED.txt" near line: 818230
[16:51:31][no_game_date][trigger.cpp:568]: Error: "Not a valid value: anarchism, near line: 830364" in file: "common/scripted_localisation/FR_SCRIPTING_FULL_AUTOMATED.txt" near line: 830365
[16:51:31][no_game_date][trigger.cpp:568]: Error: "Not a valid value: anarchism, near line: 842499" in file: "common/scripted_localisation/FR_SCRIPTING_FULL_AUTOMATED.txt" near line: 842500
[16:51:31][no_game_date][trigger.cpp:568]: Error: "Not a valid value: anarchism, near line: 854634" in file: "common/scripted_localisation/FR_SCRIPTING_FULL_AUTOMATED.txt" near line: 854635
[16:51:31][no_game_date][trigger.cpp:568]: Error: "Not a valid value: anarchism, near line: 866769" in file: "common/scripted_localisation/FR_SCRIPTING_FULL_AUTOMATED.txt" near line: 866770
[16:51:31][no_game_date][trigger.cpp:568]: Error: "Not a valid value: anarchism, near line: 878932" in file: "common/scripted_localisation/FR_SCRIPTING_FULL_AUTOMATED.txt" near line: 878933
[16:51:31][no_game_date][trigger.cpp:568]: Error: "Not a valid value: anarchism, near line: 891169" in file: "common/scripted_localisation/FR_SCRIPTING_FULL_AUTOMATED.txt" near line: 891170
[16:51:31][no_game_date][trigger.cpp:568]: Error: "Not a valid value: anarchism, near line: 903413" in file: "common/scripted_localisation/FR_SCRIPTING_FULL_AUTOMATED.txt" near line: 903414
[16:51:31][no_game_date][trigger.cpp:568]: Error: "Not a valid value: anarchism, near line: 915642" in file: "common/scripted_localisation/FR_SCRIPTING_FULL_AUTOMATED.txt" near line: 915643
[16:51:31][no_game_date][trigger.cpp:568]: Error: "Not a valid value: anarchism, near line: 927777" in file: "common/scripted_localisation/FR_SCRIPTING_FULL_AUTOMATED.txt" near line: 927778
[16:51:31][no_game_date][trigger.cpp:700]: Invalid trigger 'limit' in common/scripted_triggers/AOTA_china_unification_triggers.txt line : 7
[16:51:31][no_game_date][trigger.cpp:568]: Error: "Unknown trigger-type: limit, near line: 7" in file: "common/scripted_triggers/AOTA_china_unification_triggers.txt" near line: 14
[16:51:31][no_game_date][parser.cpp:966]: Error: unexpected token in file: "common/scripted_triggers/AOTA_china_unification_triggers.txt" near line: 17 ( 20 )
[16:51:31][no_game_date][parser.cpp:966]: Error: unexpected token in file: "common/scripted_triggers/AOTA_china_unification_triggers.txt" near line: 18 ( 40 )
[16:51:31][no_game_date][trigger.cpp:568]: Error: "Not a valid value: {, near line: 18" in file: "common/scripted_triggers/AOTA_china_unification_triggers.txt" near line: 18
[16:51:31][no_game_date][parser.cpp:966]: Error: unexpected token in file: "common/scripted_triggers/AOTA_china_unification_triggers.txt" near line: 19 ( 60 )
[16:51:31][no_game_date][trigger.cpp:568]: Error: "Not a valid value: {, near line: 19" in file: "common/scripted_triggers/AOTA_china_unification_triggers.txt" near line: 19
[16:51:31][no_game_date][parser.cpp:966]: Error: unexpected token in file: "common/scripted_triggers/AOTA_china_unification_triggers.txt" near line: 20 ( 80 )
[16:51:31][no_game_date][trigger.cpp:568]: Error: "Not a valid value: {, near line: 20" in file: "common/scripted_triggers/AOTA_china_unification_triggers.txt" near line: 20
[16:51:31][no_game_date][trigger.cpp:700]: Invalid trigger 'num_owned_states' in common/scripted_triggers/AOTA_flagship_formables_triggers.txt line : 21
[16:51:31][no_game_date][trigger.cpp:568]: Error: "Unknown trigger-type: num_owned_states, near line: 21" in file: "common/scripted_triggers/AOTA_flagship_formables_triggers.txt" near line: 32
[16:51:31][no_game_date][trigger.cpp:700]: Invalid trigger 'num_owned_states' in common/scripted_triggers/AOTA_flagship_formables_triggers.txt line : 38
[16:51:31][no_game_date][trigger.cpp:568]: Error: "Unknown trigger-type: num_owned_states, near line: 38" in file: "common/scripted_triggers/AOTA_flagship_formables_triggers.txt" near line: 54
[16:51:31][no_game_date][trigger.cpp:700]: Invalid trigger 'num_owned_states' in common/scripted_triggers/AOTA_flagship_formables_triggers.txt line : 61
[16:51:31][no_game_date][trigger.cpp:568]: Error: "Unknown trigger-type: num_owned_states, near line: 61" in file: "common/scripted_triggers/AOTA_flagship_formables_triggers.txt" near line: 70
[16:51:31][no_game_date][trigger.cpp:700]: Invalid trigger 'num_owned_states' in common/scripted_triggers/AOTA_flagship_formables_triggers.txt line : 76
[16:51:31][no_game_date][trigger.cpp:568]: Error: "Unknown trigger-type: num_owned_states, near line: 76" in file: "common/scripted_triggers/AOTA_flagship_formables_triggers.txt" near line: 79
[16:51:31][no_game_date][trigger.cpp:700]: Invalid trigger 'num_owned_states' in common/scripted_triggers/AOTA_flagship_formables_triggers.txt line : 91
[16:51:31][no_game_date][trigger.cpp:568]: Error: "Unknown trigger-type: num_owned_states, near line: 91" in file: "common/scripted_triggers/AOTA_flagship_formables_triggers.txt" near line: 99
[16:51:31][no_game_date][trigger.cpp:700]: Invalid trigger 'num_owned_states' in common/scripted_triggers/AOTA_flagship_formables_triggers.txt line : 105
[16:51:31][no_game_date][trigger.cpp:568]: Error: "Unknown trigger-type: num_owned_states, near line: 105" in file: "common/scripted_triggers/AOTA_flagship_formables_triggers.txt" near line: 108
[16:51:31][no_game_date][trigger.cpp:568]: Error: "Not a valid value: anarchism, near line: 19" in file: "common/scripted_triggers/ETH_scripted_triggers.txt" near line: 20
[16:51:31][no_game_date][parser.cpp:966]: Error: unexpected token in file: "common/scripted_effects/AOTA_china_unification_effects.txt" near line: 22 ( 20 )
[16:51:31][no_game_date][parser.cpp:966]: Error: unexpected token in file: "common/scripted_effects/AOTA_china_unification_effects.txt" near line: 30 ( 40 )
[16:51:31][no_game_date][parser.cpp:966]: Error: unexpected token in file: "common/scripted_effects/AOTA_china_unification_effects.txt" near line: 38 ( 60 )
[16:51:31][no_game_date][parser.cpp:966]: Error: unexpected token in file: "common/scripted_effects/AOTA_china_unification_effects.txt" near line: 46 ( 80 )
[16:51:31][no_game_date][trigger.cpp:700]: Invalid trigger 'add_ideas' in common/scripted_effects/AOTA_china_unification_effects.txt line : 48
[16:51:31][no_game_date][trigger.cpp:700]: Invalid trigger 'set_country_flag' in common/scripted_effects/AOTA_china_unification_effects.txt line : 49
[16:51:31][no_game_date][trigger.cpp:568]: Error: "Unknown trigger-type: add_ideas, near line: 48
Unknown trigger-type: set_country_flag, near line: 49" in file: "common/scripted_effects/AOTA_china_unification_effects.txt" near line: 50
[16:51:31][no_game_date][effect.cpp:356]: Error: "Not a valid value: common/scripted_effects/AOTA_china_unification_effects.txt:53: {, near line: 53" in file: "common/scripted_effects/AOTA_china_unification_effects.txt" near line: 54
[16:51:32][no_game_date][effect.cpp:356]: Error: "Malformed token: aota_rhine_statute_revision, near line: 134" in file: "events/AOTA_RUS_events.txt" near line: 134
[16:51:32][no_game_date][effect.cpp:433]: Invalid scope type for effect add_building_construction in events/AOTA_TUR_events.txt line : 94
[16:51:32][no_game_date][effect.cpp:433]: Invalid scope type for effect add_building_construction in events/AOTA_TUR_events.txt line : 192
[16:51:32][no_game_date][effect.cpp:433]: Invalid scope type for effect set_state_owner in events/AOTA_events.txt line : 173
[16:51:32][no_game_date][effect.cpp:433]: Invalid scope type for effect set_state_owner in events/AOTA_events.txt line : 174
[16:51:32][no_game_date][effect.cpp:433]: Invalid scope type for effect set_state_owner in events/AOTA_events.txt line : 175
[16:51:32][no_game_date][effect.cpp:433]: Invalid scope type for effect set_state_owner in events/AOTA_events.txt line : 176
[16:51:32][no_game_date][effect.cpp:433]: Invalid scope type for effect set_state_owner in events/AOTA_events.txt line : 177
[16:51:32][no_game_date][effect.cpp:433]: Invalid scope type for effect set_state_owner in events/AOTA_events.txt line : 178
[16:51:32][no_game_date][effect.cpp:433]: Invalid scope type for effect set_state_owner in events/AOTA_events.txt line : 179
[16:51:32][no_game_date][effect.cpp:433]: Invalid scope type for effect set_state_owner in events/AOTA_events.txt line : 180
[16:51:32][no_game_date][effect.cpp:433]: Invalid scope type for effect set_state_owner in events/AOTA_events.txt line : 181
[16:51:32][no_game_date][effect.cpp:433]: Invalid scope type for effect set_state_owner in events/AOTA_events.txt line : 182
[16:51:32][no_game_date][effect.cpp:433]: Invalid scope type for effect set_state_owner in events/AOTA_events.txt line : 183
[16:51:32][no_game_date][effect.cpp:433]: Invalid scope type for effect set_state_owner in events/AOTA_events.txt line : 184
[16:51:32][no_game_date][effect.cpp:433]: Invalid scope type for effect set_state_owner in events/AOTA_events.txt line : 185
[16:51:32][no_game_date][effect.cpp:433]: Invalid scope type for effect set_state_owner in events/AOTA_events.txt line : 186
[16:51:32][no_game_date][effect.cpp:433]: Invalid scope type for effect set_state_owner in events/AOTA_events.txt line : 187
[16:51:32][no_game_date][effect.cpp:433]: Invalid scope type for effect set_state_owner in events/AOTA_events.txt line : 188
[16:51:32][no_game_date][effect.cpp:433]: Invalid scope type for effect set_state_owner in events/AOTA_events.txt line : 189
[16:51:32][no_game_date][effect.cpp:433]: Invalid scope type for effect set_state_owner in events/AOTA_events.txt line : 190
[16:51:32][no_game_date][effect.cpp:433]: Invalid scope type for effect set_state_owner in events/AOTA_events.txt line : 191
[16:51:32][no_game_date][effect.cpp:433]: Invalid scope type for effect set_state_owner in events/AOTA_events.txt line : 192
[16:51:32][no_game_date][effect.cpp:433]: Invalid scope type for effect set_state_owner in events/AOTA_events.txt line : 193
[16:51:32][no_game_date][effect.cpp:433]: Invalid scope type for effect set_state_owner in events/AOTA_events.txt line : 194
[16:51:32][no_game_date][effect.cpp:433]: Invalid scope type for effect set_state_owner in events/AOTA_events.txt line : 195
[16:51:32][no_game_date][effect.cpp:433]: Invalid scope type for effect set_state_owner in events/AOTA_events.txt line : 196
[16:51:32][no_game_date][effect.cpp:433]: Invalid scope type for effect set_state_owner in events/AOTA_events.txt line : 197
[16:51:32][no_game_date][effect.cpp:433]: Invalid scope type for effect set_state_owner in events/AOTA_events.txt line : 198
[16:51:32][no_game_date][effect.cpp:356]: Error: "Non assign effect is not enclosed in {}: set_capital, near line: 200" in file: "events/AOTA_events.txt" near line: 200
[16:51:32][no_game_date][effect.cpp:356]: Error: "Non assign effect is not enclosed in {}: set_capital, near line: 201" in file: "events/AOTA_events.txt" near line: 201
[16:51:32][no_game_date][effect.cpp:356]: Error: "Non assign effect is not enclosed in {}: set_capital, near line: 202" in file: "events/AOTA_events.txt" near line: 202
[16:51:32][no_game_date][effect.cpp:356]: Error: "Non assign effect is not enclosed in {}: set_capital, near line: 203" in file: "events/AOTA_events.txt" near line: 203
[16:51:32][no_game_date][effect.cpp:356]: Error: "Non assign effect is not enclosed in {}: set_capital, near line: 204" in file: "events/AOTA_events.txt" near line: 204
[16:51:32][no_game_date][effect.cpp:356]: Error: "Non assign effect is not enclosed in {}: set_capital, near line: 205" in file: "events/AOTA_events.txt" near line: 205
[16:51:32][no_game_date][effect.cpp:433]: Invalid scope type for effect set_state_owner in events/AOTA_events.txt line : 233
[16:51:32][no_game_date][effect.cpp:433]: Invalid scope type for effect set_state_owner in events/AOTA_events.txt line : 234
[16:51:32][no_game_date][effect.cpp:433]: Invalid scope type for effect set_state_owner in events/AOTA_events.txt line : 235
[16:51:32][no_game_date][effect.cpp:433]: Invalid scope type for effect set_state_owner in events/AOTA_events.txt line : 236
[16:51:32][no_game_date][effect.cpp:433]: Invalid scope type for effect set_state_owner in events/AOTA_events.txt line : 237
[16:51:32][no_game_date][effect.cpp:433]: Invalid scope type for effect set_state_owner in events/AOTA_events.txt line : 238
[16:51:32][no_game_date][effect.cpp:433]: Invalid scope type for effect set_state_owner in events/AOTA_events.txt line : 239
[16:51:32][no_game_date][effect.cpp:433]: Invalid scope type for effect set_state_owner in events/AOTA_events.txt line : 240
[16:51:32][no_game_date][effect.cpp:433]: Invalid scope type for effect set_state_owner in events/AOTA_events.txt line : 241
[16:51:32][no_game_date][effect.cpp:433]: Invalid scope type for effect set_state_owner in events/AOTA_events.txt line : 242
[16:51:32][no_game_date][effect.cpp:433]: Invalid scope type for effect set_state_owner in events/AOTA_events.txt line : 243
[16:51:32][no_game_date][effect.cpp:433]: Invalid scope type for effect set_state_owner in events/AOTA_events.txt line : 244
[16:51:32][no_game_date][effect.cpp:433]: Invalid scope type for effect set_state_owner in events/AOTA_events.txt line : 245
[16:51:32][no_game_date][effect.cpp:433]: Invalid scope type for effect set_state_owner in events/AOTA_events.txt line : 246
[16:51:32][no_game_date][effect.cpp:433]: Invalid scope type for effect set_state_owner in events/AOTA_events.txt line : 247
[16:51:32][no_game_date][effect.cpp:433]: Invalid scope type for effect set_state_owner in events/AOTA_events.txt line : 248
[16:51:32][no_game_date][effect.cpp:433]: Invalid scope type for effect set_state_owner in events/AOTA_events.txt line : 249
[16:51:32][no_game_date][effect.cpp:433]: Invalid scope type for effect set_state_owner in events/AOTA_events.txt line : 250
[16:51:32][no_game_date][effect.cpp:433]: Invalid scope type for effect set_state_owner in events/AOTA_events.txt line : 251
[16:51:32][no_game_date][effect.cpp:356]: Error: "Non assign effect is not enclosed in {}: set_capital, near line: 252" in file: "events/AOTA_events.txt" near line: 252
[16:51:32][no_game_date][effect.cpp:356]: Error: "Non assign effect is not enclosed in {}: set_capital, near line: 253" in file: "events/AOTA_events.txt" near line: 253
[16:51:32][no_game_date][effect.cpp:356]: Error: "Non assign effect is not enclosed in {}: set_capital, near line: 254" in file: "events/AOTA_events.txt" near line: 254
[16:51:33][no_game_date][trigger.cpp:568]: Error: "Not a valid value: anarchism, near line: 464" in file: "events/NSB_NewsEvents.txt" near line: 464
[16:51:33][no_game_date][trigger.cpp:568]: Error: "Not a valid value: anarchism, near line: 489" in file: "events/NSB_NewsEvents.txt" near line: 490
[16:51:33][no_game_date][trigger.cpp:568]: Error: "Not a valid value: anarchism, near line: 514" in file: "events/NSB_NewsEvents.txt" near line: 514
[16:51:33][no_game_date][onaction.cpp:461]: lse is not a valid tag of on_monthly
[16:51:33][no_game_date][database_scoped_variables.cpp:266]: invalid database object for effect/trigger: tech_cavalry. use var:var_name to explicitly use variables in effects/triggers
[16:51:33][no_game_date][database_scoped_variables.cpp:266]: invalid database object for effect/trigger: tech_cavalry. use var:var_name to explicitly use variables in effects/triggers
[16:51:33][no_game_date][effect.cpp:811]: common/national_focus/AOTA_JAP.txt:49: add_tech_bonus: Unknown technology category fighter
[16:51:33][no_game_date][effect.cpp:811]: common/national_focus/AOTA_JAP.txt:55: add_tech_bonus: Unknown technology category marines_tech
[16:51:33][no_game_date][effect.cpp:811]: common/national_focus/AOTA_JAP.txt:58: add_tech_bonus: Unknown technology category naval_gunnery
[16:51:33][no_game_date][effect.cpp:811]: common/national_focus/AOTA_JAP.txt:59: add_tech_bonus: Unknown technology category submarine_tech
[16:51:33][no_game_date][effectimplementation.cpp:369]: Unable to find focus tree with ID: aota_austria_focus
[16:51:33][no_game_date][effectimplementation.cpp:369]: Unable to find focus tree with ID: aota_belgium_focus
[16:51:33][no_game_date][effectimplementation.cpp:369]: Unable to find focus tree with ID: aota_yugoslavia_focus
